# Logfile created on 2020-12-27 23:54:44 -0400 by logger.rb/61378
D, [2020-12-27T23:54:50.280776 #30520] DEBUG -- : MONGODB | Topology type 'unknown' initializing.
D, [2020-12-27T23:54:50.281407 #30520] DEBUG -- : MONGODB | There was a change in the members of the 'Unknown' topology.
D, [2020-12-27T23:54:50.282102 #30520] DEBUG -- : MONGODB | Server rocklov-db:27017 initializing.
D, [2020-12-27T23:54:50.282744 #30520] DEBUG -- : MONGODB | Waiting for up to 30.00 seconds for servers to be scanned: #<Cluster topology=Unknown[rocklov-db:27017] servers=[#<Server address=rocklov-db:27017 UNKNOWN>]>
D, [2020-12-27T23:54:50.308770 #30520] DEBUG -- : MONGODB | Server description for rocklov-db:27017 changed from 'unknown' to 'standalone'.
D, [2020-12-27T23:54:50.310289 #30520] DEBUG -- : MONGODB | Topology type 'Unknown' changed to type 'Single'.
D, [2020-12-27T23:54:50.324779 #30520] DEBUG -- : MONGODB | Server description for rocklov-db:27017 changed from 'standalone' to 'standalone'.
D, [2020-12-27T23:54:50.325151 #30520] DEBUG -- : MONGODB | There was a change in the members of the 'Single' topology.
D, [2020-12-27T23:54:50.326650 #30520] DEBUG -- : MONGODB | rocklov-db:27017 req:7 conn:1:1 sconn:15 | rocklov.delete | STARTED | {"delete"=>"users", "ordered"=>true, "deletes"=>[{"q"=>{"email"=>"asilvadesa@gmail.com"}, "limit"=>0}], "$db"=>"rocklov", "lsid"=>{"id"=><BSON::Binary:0x60221740 type=uuid data=0xc327ad5da2954b6e...>}}
D, [2020-12-27T23:54:50.339523 #30520] DEBUG -- : MONGODB | rocklov-db:27017 req:7 | rocklov.delete | SUCCEEDED | 0.012s
D, [2020-12-27T23:54:52.458432 #30520] DEBUG -- : MONGODB | Server description for rocklov-db:27017 changed from 'standalone' to 'standalone'.
D, [2020-12-27T23:54:52.458820 #30520] DEBUG -- : MONGODB | There was a change in the members of the 'Single' topology.
D, [2020-12-27T23:54:52.459742 #30520] DEBUG -- : MONGODB | rocklov-db:27017 req:9 conn:1:2 sconn:17 | admin.endSessions | STARTED | {"endSessions"=>[{"id"=><BSON::Binary:0x60221740 type=uuid data=0xc327ad5da2954b6e...>}], "$db"=>"admin"}
D, [2020-12-27T23:54:52.471292 #30520] DEBUG -- : MONGODB | rocklov-db:27017 req:9 | admin.endSessions | SUCCEEDED | 0.011s
D, [2020-12-28T11:35:34.530893 #30292] DEBUG -- : MONGODB | Topology type 'unknown' initializing.
D, [2020-12-28T11:35:34.533485 #30292] DEBUG -- : MONGODB | There was a change in the members of the 'Unknown' topology.
D, [2020-12-28T11:35:34.534648 #30292] DEBUG -- : MONGODB | Server rocklov-db:27017 initializing.
D, [2020-12-28T11:35:34.535995 #30292] DEBUG -- : MONGODB | Waiting for up to 30.00 seconds for servers to be scanned: #<Cluster topology=Unknown[rocklov-db:27017] servers=[#<Server address=rocklov-db:27017 UNKNOWN>]>
D, [2020-12-28T11:35:34.554477 #30292] DEBUG -- : MONGODB | Server description for rocklov-db:27017 changed from 'unknown' to 'standalone'.
D, [2020-12-28T11:35:34.555950 #30292] DEBUG -- : MONGODB | Topology type 'Unknown' changed to type 'Single'.
D, [2020-12-28T11:35:34.574700 #30292] DEBUG -- : MONGODB | Server description for rocklov-db:27017 changed from 'standalone' to 'standalone'.
D, [2020-12-28T11:35:34.575177 #30292] DEBUG -- : MONGODB | There was a change in the members of the 'Single' topology.
D, [2020-12-28T11:35:34.576824 #30292] DEBUG -- : MONGODB | rocklov-db:27017 req:7 conn:1:1 sconn:19 | rocklov.delete | STARTED | {"delete"=>"users", "ordered"=>true, "deletes"=>[{"q"=>{"email"=>"asilvadesa@gmail.com"}, "limit"=>0}], "$db"=>"rocklov", "lsid"=>{"id"=><BSON::Binary:0x59380360 type=uuid data=0x3dd86f6422dd45d7...>}}
D, [2020-12-28T11:35:34.588459 #30292] DEBUG -- : MONGODB | rocklov-db:27017 req:7 | rocklov.delete | SUCCEEDED | 0.011s
D, [2020-12-28T11:35:36.945948 #30292] DEBUG -- : MONGODB | Server description for rocklov-db:27017 changed from 'standalone' to 'standalone'.
D, [2020-12-28T11:35:36.946831 #30292] DEBUG -- : MONGODB | There was a change in the members of the 'Single' topology.
D, [2020-12-28T11:35:36.965572 #30292] DEBUG -- : MONGODB | rocklov-db:27017 req:9 conn:1:2 sconn:21 | admin.endSessions | STARTED | {"endSessions"=>[{"id"=><BSON::Binary:0x59380360 type=uuid data=0x3dd86f6422dd45d7...>}], "$db"=>"admin"}
D, [2020-12-28T11:35:36.977370 #30292] DEBUG -- : MONGODB | rocklov-db:27017 req:9 | admin.endSessions | SUCCEEDED | 0.011s
D, [2020-12-28T11:38:52.742548 #7776] DEBUG -- : MONGODB | Topology type 'unknown' initializing.
D, [2020-12-28T11:38:52.743207 #7776] DEBUG -- : MONGODB | There was a change in the members of the 'Unknown' topology.
D, [2020-12-28T11:38:52.743597 #7776] DEBUG -- : MONGODB | Server rocklov-db:27017 initializing.
D, [2020-12-28T11:38:52.744104 #7776] DEBUG -- : MONGODB | Waiting for up to 30.00 seconds for servers to be scanned: #<Cluster topology=Unknown[rocklov-db:27017] servers=[#<Server address=rocklov-db:27017 UNKNOWN>]>
D, [2020-12-28T11:38:52.762869 #7776] DEBUG -- : MONGODB | Server description for rocklov-db:27017 changed from 'unknown' to 'standalone'.
D, [2020-12-28T11:38:52.763504 #7776] DEBUG -- : MONGODB | Topology type 'Unknown' changed to type 'Single'.
D, [2020-12-28T11:38:52.779741 #7776] DEBUG -- : MONGODB | Server description for rocklov-db:27017 changed from 'standalone' to 'standalone'.
D, [2020-12-28T11:38:52.780912 #7776] DEBUG -- : MONGODB | There was a change in the members of the 'Single' topology.
D, [2020-12-28T11:38:52.782574 #7776] DEBUG -- : MONGODB | rocklov-db:27017 req:7 conn:1:1 sconn:23 | rocklov.delete | STARTED | {"delete"=>"users", "ordered"=>true, "deletes"=>[{"q"=>{"email"=>"asilvadesa@gmail.com"}, "limit"=>0}], "$db"=>"rocklov", "lsid"=>{"id"=><BSON::Binary:0x64384260 type=uuid data=0xad01c41fb2214f07...>}}
D, [2020-12-28T11:38:52.787218 #7776] DEBUG -- : MONGODB | rocklov-db:27017 req:7 | rocklov.delete | SUCCEEDED | 0.004s
D, [2020-12-28T11:38:55.478643 #7776] DEBUG -- : MONGODB | Server description for rocklov-db:27017 changed from 'standalone' to 'standalone'.
D, [2020-12-28T11:38:55.479073 #7776] DEBUG -- : MONGODB | There was a change in the members of the 'Single' topology.
D, [2020-12-28T11:38:55.480141 #7776] DEBUG -- : MONGODB | rocklov-db:27017 req:9 conn:1:2 sconn:24 | admin.endSessions | STARTED | {"endSessions"=>[{"id"=><BSON::Binary:0x64384260 type=uuid data=0xad01c41fb2214f07...>}], "$db"=>"admin"}
D, [2020-12-28T11:38:55.491378 #7776] DEBUG -- : MONGODB | rocklov-db:27017 req:9 | admin.endSessions | SUCCEEDED | 0.011s
D, [2020-12-28T11:58:20.111286 #11872] DEBUG -- : MONGODB | Topology type 'unknown' initializing.
D, [2020-12-28T11:58:20.112387 #11872] DEBUG -- : MONGODB | There was a change in the members of the 'Unknown' topology.
D, [2020-12-28T11:58:20.113056 #11872] DEBUG -- : MONGODB | Server rocklov-db:27017 initializing.
D, [2020-12-28T11:58:20.117736 #11872] DEBUG -- : MONGODB | Waiting for up to 30.00 seconds for servers to be scanned: #<Cluster topology=Unknown[rocklov-db:27017] servers=[#<Server address=rocklov-db:27017 UNKNOWN>]>
D, [2020-12-28T11:58:20.139080 #11872] DEBUG -- : MONGODB | Server description for rocklov-db:27017 changed from 'unknown' to 'standalone'.
D, [2020-12-28T11:58:20.141032 #11872] DEBUG -- : MONGODB | Topology type 'Unknown' changed to type 'Single'.
D, [2020-12-28T11:58:20.156759 #11872] DEBUG -- : MONGODB | Server description for rocklov-db:27017 changed from 'standalone' to 'standalone'.
D, [2020-12-28T11:58:20.157449 #11872] DEBUG -- : MONGODB | There was a change in the members of the 'Single' topology.
D, [2020-12-28T11:58:20.159446 #11872] DEBUG -- : MONGODB | rocklov-db:27017 req:7 conn:1:1 sconn:26 | rocklov.delete | STARTED | {"delete"=>"users", "ordered"=>true, "deletes"=>[{"q"=>{"email"=>"asilvadesa@gmail.com"}, "limit"=>0}], "$db"=>"rocklov", "lsid"=>{"id"=><BSON::Binary:0x64853840 type=uuid data=0xc4bc687bedc34533...>}}
D, [2020-12-28T11:58:20.171347 #11872] DEBUG -- : MONGODB | rocklov-db:27017 req:7 | rocklov.delete | SUCCEEDED | 0.011s
D, [2020-12-28T11:58:22.193403 #11872] DEBUG -- : MONGODB | Topology type 'unknown' initializing.
D, [2020-12-28T11:58:22.194162 #11872] DEBUG -- : MONGODB | There was a change in the members of the 'Unknown' topology.
D, [2020-12-28T11:58:22.194698 #11872] DEBUG -- : MONGODB | Server rocklov-db:27017 initializing.
D, [2020-12-28T11:58:22.195184 #11872] DEBUG -- : MONGODB | Waiting for up to 30.00 seconds for servers to be scanned: #<Cluster topology=Unknown[rocklov-db:27017] servers=[#<Server address=rocklov-db:27017 UNKNOWN>]>
D, [2020-12-28T11:58:22.211123 #11872] DEBUG -- : MONGODB | Server description for rocklov-db:27017 changed from 'unknown' to 'standalone'.
D, [2020-12-28T11:58:22.211802 #11872] DEBUG -- : MONGODB | Topology type 'Unknown' changed to type 'Single'.
D, [2020-12-28T11:58:22.229094 #11872] DEBUG -- : MONGODB | Server description for rocklov-db:27017 changed from 'standalone' to 'standalone'.
D, [2020-12-28T11:58:22.229628 #11872] DEBUG -- : MONGODB | There was a change in the members of the 'Single' topology.
D, [2020-12-28T11:58:22.231441 #11872] DEBUG -- : MONGODB | rocklov-db:27017 req:10 conn:1:1 sconn:29 | rocklov.delete | STARTED | {"delete"=>"users", "ordered"=>true, "deletes"=>[{"q"=>{"email"=>"asilvadesa@gmail.com"}, "limit"=>0}], "$db"=>"rocklov", "lsid"=>{"id"=><BSON::Binary:0x48220540 type=uuid data=0x6f4ea86260cb41e3...>}}
D, [2020-12-28T11:58:22.245279 #11872] DEBUG -- : MONGODB | rocklov-db:27017 req:10 | rocklov.delete | SUCCEEDED | 0.013s
D, [2020-12-28T11:58:30.156080 #11872] DEBUG -- : MONGODB | Server description for rocklov-db:27017 changed from 'standalone' to 'standalone'.
D, [2020-12-28T11:58:30.157599 #11872] DEBUG -- : MONGODB | There was a change in the members of the 'Single' topology.
D, [2020-12-28T11:58:30.800515 #11872] DEBUG -- : MONGODB | Topology type 'unknown' initializing.
D, [2020-12-28T11:58:30.801364 #11872] DEBUG -- : MONGODB | There was a change in the members of the 'Unknown' topology.
D, [2020-12-28T11:58:30.801932 #11872] DEBUG -- : MONGODB | Server rocklov-db:27017 initializing.
D, [2020-12-28T11:58:30.802942 #11872] DEBUG -- : MONGODB | Waiting for up to 30.00 seconds for servers to be scanned: #<Cluster topology=Unknown[rocklov-db:27017] servers=[#<Server address=rocklov-db:27017 UNKNOWN>]>
D, [2020-12-28T11:58:30.820882 #11872] DEBUG -- : MONGODB | Server description for rocklov-db:27017 changed from 'unknown' to 'standalone'.
D, [2020-12-28T11:58:30.821655 #11872] DEBUG -- : MONGODB | Topology type 'Unknown' changed to type 'Single'.
D, [2020-12-28T11:58:30.838610 #11872] DEBUG -- : MONGODB | Server description for rocklov-db:27017 changed from 'standalone' to 'standalone'.
D, [2020-12-28T11:58:30.839236 #11872] DEBUG -- : MONGODB | There was a change in the members of the 'Single' topology.
D, [2020-12-28T11:58:30.840782 #11872] DEBUG -- : MONGODB | rocklov-db:27017 req:13 conn:1:1 sconn:31 | rocklov.delete | STARTED | {"delete"=>"users", "ordered"=>true, "deletes"=>[{"q"=>{"email"=>""}, "limit"=>0}], "$db"=>"rocklov", "lsid"=>{"id"=><BSON::Binary:0x67263220 type=uuid data=0xe5b900a62bbb4e90...>}}
D, [2020-12-28T11:58:30.853808 #11872] DEBUG -- : MONGODB | rocklov-db:27017 req:13 | rocklov.delete | SUCCEEDED | 0.012s
D, [2020-12-28T11:58:32.225649 #11872] DEBUG -- : MONGODB | Server description for rocklov-db:27017 changed from 'standalone' to 'standalone'.
D, [2020-12-28T11:58:32.226313 #11872] DEBUG -- : MONGODB | There was a change in the members of the 'Single' topology.
D, [2020-12-28T11:58:34.254894 #11872] DEBUG -- : MONGODB | Topology type 'unknown' initializing.
D, [2020-12-28T11:58:34.255743 #11872] DEBUG -- : MONGODB | There was a change in the members of the 'Unknown' topology.
D, [2020-12-28T11:58:34.256205 #11872] DEBUG -- : MONGODB | Server rocklov-db:27017 initializing.
D, [2020-12-28T11:58:34.257058 #11872] DEBUG -- : MONGODB | Waiting for up to 30.00 seconds for servers to be scanned: #<Cluster topology=Unknown[rocklov-db:27017] servers=[#<Server address=rocklov-db:27017 UNKNOWN>]>
D, [2020-12-28T11:58:34.277584 #11872] DEBUG -- : MONGODB | Server description for rocklov-db:27017 changed from 'unknown' to 'standalone'.
D, [2020-12-28T11:58:34.277981 #11872] DEBUG -- : MONGODB | Topology type 'Unknown' changed to type 'Single'.
D, [2020-12-28T11:58:34.296001 #11872] DEBUG -- : MONGODB | Server description for rocklov-db:27017 changed from 'standalone' to 'standalone'.
D, [2020-12-28T11:58:34.296855 #11872] DEBUG -- : MONGODB | There was a change in the members of the 'Single' topology.
D, [2020-12-28T11:58:34.299223 #11872] DEBUG -- : MONGODB | rocklov-db:27017 req:16 conn:1:1 sconn:33 | rocklov.delete | STARTED | {"delete"=>"users", "ordered"=>true, "deletes"=>[{"q"=>{"email"=>"asilvadesa*gmail.com"}, "limit"=>0}], "$db"=>"rocklov", "lsid"=>{"id"=><BSON::Binary:0x68859600 type=uuid data=0x4faec2cedcfb4fca...>}}
D, [2020-12-28T11:58:34.311297 #11872] DEBUG -- : MONGODB | rocklov-db:27017 req:16 | rocklov.delete | SUCCEEDED | 0.012s
D, [2020-12-28T11:58:35.725771 #11872] DEBUG -- : MONGODB | Topology type 'unknown' initializing.
D, [2020-12-28T11:58:35.726727 #11872] DEBUG -- : MONGODB | There was a change in the members of the 'Unknown' topology.
D, [2020-12-28T11:58:35.727190 #11872] DEBUG -- : MONGODB | Server rocklov-db:27017 initializing.
D, [2020-12-28T11:58:35.727765 #11872] DEBUG -- : MONGODB | Waiting for up to 30.00 seconds for servers to be scanned: #<Cluster topology=Unknown[rocklov-db:27017] servers=[#<Server address=rocklov-db:27017 UNKNOWN>]>
D, [2020-12-28T11:58:35.744311 #11872] DEBUG -- : MONGODB | Server description for rocklov-db:27017 changed from 'unknown' to 'standalone'.
D, [2020-12-28T11:58:35.744758 #11872] DEBUG -- : MONGODB | Topology type 'Unknown' changed to type 'Single'.
D, [2020-12-28T11:58:35.761782 #11872] DEBUG -- : MONGODB | Server description for rocklov-db:27017 changed from 'standalone' to 'standalone'.
D, [2020-12-28T11:58:35.762774 #11872] DEBUG -- : MONGODB | There was a change in the members of the 'Single' topology.
D, [2020-12-28T11:58:35.765112 #11872] DEBUG -- : MONGODB | rocklov-db:27017 req:19 conn:1:1 sconn:35 | rocklov.delete | STARTED | {"delete"=>"users", "ordered"=>true, "deletes"=>[{"q"=>{"email"=>"asilvadesa@gmail.com"}, "limit"=>0}], "$db"=>"rocklov", "lsid"=>{"id"=><BSON::Binary:0x66996340 type=uuid data=0x0f46d36a85c141dc...>}}
D, [2020-12-28T11:58:35.778431 #11872] DEBUG -- : MONGODB | rocklov-db:27017 req:19 | rocklov.delete | SUCCEEDED | 0.013s
D, [2020-12-28T11:58:38.192304 #11872] DEBUG -- : MONGODB | Server description for rocklov-db:27017 changed from 'standalone' to 'standalone'.
D, [2020-12-28T11:58:38.192747 #11872] DEBUG -- : MONGODB | There was a change in the members of the 'Single' topology.
D, [2020-12-28T11:58:38.193849 #11872] DEBUG -- : MONGODB | rocklov-db:27017 req:21 conn:1:2 sconn:36 | admin.endSessions | STARTED | {"endSessions"=>[{"id"=><BSON::Binary:0x66996340 type=uuid data=0x0f46d36a85c141dc...>}], "$db"=>"admin"}
D, [2020-12-28T11:58:38.206014 #11872] DEBUG -- : MONGODB | rocklov-db:27017 req:21 | admin.endSessions | SUCCEEDED | 0.012s
D, [2020-12-28T11:58:38.224338 #11872] DEBUG -- : MONGODB | Server description for rocklov-db:27017 changed from 'standalone' to 'standalone'.
D, [2020-12-28T11:58:38.224812 #11872] DEBUG -- : MONGODB | There was a change in the members of the 'Single' topology.
D, [2020-12-28T11:58:38.225817 #11872] DEBUG -- : MONGODB | rocklov-db:27017 req:23 conn:1:2 sconn:37 | admin.endSessions | STARTED | {"endSessions"=>[{"id"=><BSON::Binary:0x68859600 type=uuid data=0x4faec2cedcfb4fca...>}], "$db"=>"admin"}
D, [2020-12-28T11:58:38.238001 #11872] DEBUG -- : MONGODB | rocklov-db:27017 req:23 | admin.endSessions | SUCCEEDED | 0.012s
D, [2020-12-28T11:58:38.255403 #11872] DEBUG -- : MONGODB | Server description for rocklov-db:27017 changed from 'standalone' to 'standalone'.
D, [2020-12-28T11:58:38.255870 #11872] DEBUG -- : MONGODB | There was a change in the members of the 'Single' topology.
D, [2020-12-28T11:58:38.256861 #11872] DEBUG -- : MONGODB | rocklov-db:27017 req:25 conn:1:2 sconn:38 | admin.endSessions | STARTED | {"endSessions"=>[{"id"=><BSON::Binary:0x67263220 type=uuid data=0xe5b900a62bbb4e90...>}], "$db"=>"admin"}
D, [2020-12-28T11:58:38.268169 #11872] DEBUG -- : MONGODB | rocklov-db:27017 req:25 | admin.endSessions | SUCCEEDED | 0.011s
D, [2020-12-28T11:58:38.285501 #11872] DEBUG -- : MONGODB | Server description for rocklov-db:27017 changed from 'standalone' to 'standalone'.
D, [2020-12-28T11:58:38.285905 #11872] DEBUG -- : MONGODB | There was a change in the members of the 'Single' topology.
D, [2020-12-28T11:58:38.286972 #11872] DEBUG -- : MONGODB | rocklov-db:27017 req:27 conn:1:2 sconn:39 | admin.endSessions | STARTED | {"endSessions"=>[{"id"=><BSON::Binary:0x48220540 type=uuid data=0x6f4ea86260cb41e3...>}], "$db"=>"admin"}
D, [2020-12-28T11:58:38.298282 #11872] DEBUG -- : MONGODB | rocklov-db:27017 req:27 | admin.endSessions | SUCCEEDED | 0.011s
D, [2020-12-28T11:58:38.315301 #11872] DEBUG -- : MONGODB | Server description for rocklov-db:27017 changed from 'standalone' to 'standalone'.
D, [2020-12-28T11:58:38.315752 #11872] DEBUG -- : MONGODB | There was a change in the members of the 'Single' topology.
D, [2020-12-28T11:58:38.316601 #11872] DEBUG -- : MONGODB | rocklov-db:27017 req:29 conn:1:2 sconn:40 | admin.endSessions | STARTED | {"endSessions"=>[{"id"=><BSON::Binary:0x64853840 type=uuid data=0xc4bc687bedc34533...>}], "$db"=>"admin"}
D, [2020-12-28T11:58:38.328192 #11872] DEBUG -- : MONGODB | rocklov-db:27017 req:29 | admin.endSessions | SUCCEEDED | 0.011s
D, [2020-12-28T12:22:18.229450 #15040] DEBUG -- : MONGODB | Topology type 'unknown' initializing.
D, [2020-12-28T12:22:18.230450 #15040] DEBUG -- : MONGODB | There was a change in the members of the 'Unknown' topology.
D, [2020-12-28T12:22:18.231238 #15040] DEBUG -- : MONGODB | Server rocklov-db:27017 initializing.
D, [2020-12-28T12:22:18.231849 #15040] DEBUG -- : MONGODB | Waiting for up to 30.00 seconds for servers to be scanned: #<Cluster topology=Unknown[rocklov-db:27017] servers=[#<Server address=rocklov-db:27017 UNKNOWN>]>
D, [2020-12-28T12:22:18.253405 #15040] DEBUG -- : MONGODB | Server description for rocklov-db:27017 changed from 'unknown' to 'standalone'.
D, [2020-12-28T12:22:18.254036 #15040] DEBUG -- : MONGODB | Topology type 'Unknown' changed to type 'Single'.
D, [2020-12-28T12:22:18.269105 #15040] DEBUG -- : MONGODB | Server description for rocklov-db:27017 changed from 'standalone' to 'standalone'.
D, [2020-12-28T12:22:18.269650 #15040] DEBUG -- : MONGODB | There was a change in the members of the 'Single' topology.
D, [2020-12-28T12:22:18.271100 #15040] DEBUG -- : MONGODB | rocklov-db:27017 req:7 conn:1:1 sconn:42 | rocklov.delete | STARTED | {"delete"=>"users", "ordered"=>true, "deletes"=>[{"q"=>{"email"=>"asilvadesa@gmail.com"}, "limit"=>0}], "$db"=>"rocklov", "lsid"=>{"id"=><BSON::Binary:0x64861500 type=uuid data=0x0a1089250f6a485a...>}}
D, [2020-12-28T12:22:18.283565 #15040] DEBUG -- : MONGODB | rocklov-db:27017 req:7 | rocklov.delete | SUCCEEDED | 0.012s
D, [2020-12-28T12:22:20.075418 #15040] DEBUG -- : MONGODB | Topology type 'unknown' initializing.
D, [2020-12-28T12:22:20.076198 #15040] DEBUG -- : MONGODB | There was a change in the members of the 'Unknown' topology.
D, [2020-12-28T12:22:20.076663 #15040] DEBUG -- : MONGODB | Server rocklov-db:27017 initializing.
D, [2020-12-28T12:22:20.077182 #15040] DEBUG -- : MONGODB | Waiting for up to 30.00 seconds for servers to be scanned: #<Cluster topology=Unknown[rocklov-db:27017] servers=[#<Server address=rocklov-db:27017 UNKNOWN>]>
D, [2020-12-28T12:22:20.091013 #15040] DEBUG -- : MONGODB | Server description for rocklov-db:27017 changed from 'unknown' to 'standalone'.
D, [2020-12-28T12:22:20.091431 #15040] DEBUG -- : MONGODB | Topology type 'Unknown' changed to type 'Single'.
D, [2020-12-28T12:22:20.106267 #15040] DEBUG -- : MONGODB | Server description for rocklov-db:27017 changed from 'standalone' to 'standalone'.
D, [2020-12-28T12:22:20.106828 #15040] DEBUG -- : MONGODB | There was a change in the members of the 'Single' topology.
D, [2020-12-28T12:22:20.107957 #15040] DEBUG -- : MONGODB | rocklov-db:27017 req:10 conn:1:1 sconn:45 | rocklov.delete | STARTED | {"delete"=>"users", "ordered"=>true, "deletes"=>[{"q"=>{"email"=>"asilvadesa@gmail.com"}, "limit"=>0}], "$db"=>"rocklov", "lsid"=>{"id"=><BSON::Binary:0x66108040 type=uuid data=0x4554498cce884721...>}}
D, [2020-12-28T12:22:20.120523 #15040] DEBUG -- : MONGODB | rocklov-db:27017 req:10 | rocklov.delete | SUCCEEDED | 0.012s
D, [2020-12-28T12:22:21.420626 #15040] DEBUG -- : MONGODB | Topology type 'unknown' initializing.
D, [2020-12-28T12:22:21.422808 #15040] DEBUG -- : MONGODB | There was a change in the members of the 'Unknown' topology.
D, [2020-12-28T12:22:21.423264 #15040] DEBUG -- : MONGODB | Server rocklov-db:27017 initializing.
D, [2020-12-28T12:22:21.423707 #15040] DEBUG -- : MONGODB | Waiting for up to 30.00 seconds for servers to be scanned: #<Cluster topology=Unknown[rocklov-db:27017] servers=[#<Server address=rocklov-db:27017 UNKNOWN>]>
D, [2020-12-28T12:22:21.439043 #15040] DEBUG -- : MONGODB | Server description for rocklov-db:27017 changed from 'unknown' to 'standalone'.
D, [2020-12-28T12:22:21.439500 #15040] DEBUG -- : MONGODB | Topology type 'Unknown' changed to type 'Single'.
D, [2020-12-28T12:22:21.455057 #15040] DEBUG -- : MONGODB | Server description for rocklov-db:27017 changed from 'standalone' to 'standalone'.
D, [2020-12-28T12:22:21.455937 #15040] DEBUG -- : MONGODB | There was a change in the members of the 'Single' topology.
D, [2020-12-28T12:22:21.457605 #15040] DEBUG -- : MONGODB | rocklov-db:27017 req:13 conn:1:1 sconn:47 | rocklov.delete | STARTED | {"delete"=>"users", "ordered"=>true, "deletes"=>[{"q"=>{"email"=>""}, "limit"=>0}], "$db"=>"rocklov", "lsid"=>{"id"=><BSON::Binary:0x67428920 type=uuid data=0x00370717a27b41cd...>}}
D, [2020-12-28T12:22:21.469705 #15040] DEBUG -- : MONGODB | rocklov-db:27017 req:13 | rocklov.delete | SUCCEEDED | 0.012s
D, [2020-12-28T12:22:22.760102 #15040] DEBUG -- : MONGODB | Topology type 'unknown' initializing.
D, [2020-12-28T12:22:22.760700 #15040] DEBUG -- : MONGODB | There was a change in the members of the 'Unknown' topology.
D, [2020-12-28T12:22:22.761154 #15040] DEBUG -- : MONGODB | Server rocklov-db:27017 initializing.
D, [2020-12-28T12:22:22.761771 #15040] DEBUG -- : MONGODB | Waiting for up to 30.00 seconds for servers to be scanned: #<Cluster topology=Unknown[rocklov-db:27017] servers=[#<Server address=rocklov-db:27017 UNKNOWN>]>
D, [2020-12-28T12:22:22.782136 #15040] DEBUG -- : MONGODB | Server description for rocklov-db:27017 changed from 'unknown' to 'standalone'.
D, [2020-12-28T12:22:22.782825 #15040] DEBUG -- : MONGODB | Topology type 'Unknown' changed to type 'Single'.
D, [2020-12-28T12:22:22.801819 #15040] DEBUG -- : MONGODB | Server description for rocklov-db:27017 changed from 'standalone' to 'standalone'.
D, [2020-12-28T12:22:22.802347 #15040] DEBUG -- : MONGODB | There was a change in the members of the 'Single' topology.
D, [2020-12-28T12:22:22.803749 #15040] DEBUG -- : MONGODB | rocklov-db:27017 req:16 conn:1:1 sconn:49 | rocklov.delete | STARTED | {"delete"=>"users", "ordered"=>true, "deletes"=>[{"q"=>{"email"=>"asilvadesa*gmail.com"}, "limit"=>0}], "$db"=>"rocklov", "lsid"=>{"id"=><BSON::Binary:0x68859860 type=uuid data=0xbc85dc606587462b...>}}
D, [2020-12-28T12:22:22.816399 #15040] DEBUG -- : MONGODB | rocklov-db:27017 req:16 | rocklov.delete | SUCCEEDED | 0.012s
D, [2020-12-28T12:22:24.314190 #15040] DEBUG -- : MONGODB | Topology type 'unknown' initializing.
D, [2020-12-28T12:22:24.314835 #15040] DEBUG -- : MONGODB | There was a change in the members of the 'Unknown' topology.
D, [2020-12-28T12:22:24.315389 #15040] DEBUG -- : MONGODB | Server rocklov-db:27017 initializing.
D, [2020-12-28T12:22:24.316234 #15040] DEBUG -- : MONGODB | Waiting for up to 30.00 seconds for servers to be scanned: #<Cluster topology=Unknown[rocklov-db:27017] servers=[#<Server address=rocklov-db:27017 UNKNOWN>]>
D, [2020-12-28T12:22:24.330755 #15040] DEBUG -- : MONGODB | Server description for rocklov-db:27017 changed from 'unknown' to 'standalone'.
D, [2020-12-28T12:22:24.332105 #15040] DEBUG -- : MONGODB | Topology type 'Unknown' changed to type 'Single'.
D, [2020-12-28T12:22:24.368546 #15040] DEBUG -- : MONGODB | Server description for rocklov-db:27017 changed from 'standalone' to 'standalone'.
D, [2020-12-28T12:22:24.370130 #15040] DEBUG -- : MONGODB | There was a change in the members of the 'Single' topology.
D, [2020-12-28T12:22:24.372504 #15040] DEBUG -- : MONGODB | rocklov-db:27017 req:19 conn:1:1 sconn:51 | rocklov.delete | STARTED | {"delete"=>"users", "ordered"=>true, "deletes"=>[{"q"=>{"email"=>"asilvadesa@gmail.com"}, "limit"=>0}], "$db"=>"rocklov", "lsid"=>{"id"=><BSON::Binary:0x67080460 type=uuid data=0x770335c49f964e1a...>}}
D, [2020-12-28T12:22:24.381543 #15040] DEBUG -- : MONGODB | rocklov-db:27017 req:19 | rocklov.delete | SUCCEEDED | 0.006s
D, [2020-12-28T12:22:25.692254 #15040] DEBUG -- : MONGODB | Server description for rocklov-db:27017 changed from 'standalone' to 'standalone'.
D, [2020-12-28T12:22:25.692574 #15040] DEBUG -- : MONGODB | There was a change in the members of the 'Single' topology.
D, [2020-12-28T12:22:25.693268 #15040] DEBUG -- : MONGODB | rocklov-db:27017 req:21 conn:1:2 sconn:52 | admin.endSessions | STARTED | {"endSessions"=>[{"id"=><BSON::Binary:0x67080460 type=uuid data=0x770335c49f964e1a...>}], "$db"=>"admin"}
D, [2020-12-28T12:22:25.704125 #15040] DEBUG -- : MONGODB | rocklov-db:27017 req:21 | admin.endSessions | SUCCEEDED | 0.011s
D, [2020-12-28T12:22:25.719408 #15040] DEBUG -- : MONGODB | Server description for rocklov-db:27017 changed from 'standalone' to 'standalone'.
D, [2020-12-28T12:22:25.719813 #15040] DEBUG -- : MONGODB | There was a change in the members of the 'Single' topology.
D, [2020-12-28T12:22:25.720650 #15040] DEBUG -- : MONGODB | rocklov-db:27017 req:23 conn:1:2 sconn:53 | admin.endSessions | STARTED | {"endSessions"=>[{"id"=><BSON::Binary:0x68859860 type=uuid data=0xbc85dc606587462b...>}], "$db"=>"admin"}
D, [2020-12-28T12:22:25.732158 #15040] DEBUG -- : MONGODB | rocklov-db:27017 req:23 | admin.endSessions | SUCCEEDED | 0.011s
D, [2020-12-28T12:22:25.749316 #15040] DEBUG -- : MONGODB | Server description for rocklov-db:27017 changed from 'standalone' to 'standalone'.
D, [2020-12-28T12:22:25.749651 #15040] DEBUG -- : MONGODB | There was a change in the members of the 'Single' topology.
D, [2020-12-28T12:22:25.750881 #15040] DEBUG -- : MONGODB | rocklov-db:27017 req:25 conn:1:2 sconn:54 | admin.endSessions | STARTED | {"endSessions"=>[{"id"=><BSON::Binary:0x67428920 type=uuid data=0x00370717a27b41cd...>}], "$db"=>"admin"}
D, [2020-12-28T12:22:25.762128 #15040] DEBUG -- : MONGODB | rocklov-db:27017 req:25 | admin.endSessions | SUCCEEDED | 0.011s
D, [2020-12-28T12:22:25.777465 #15040] DEBUG -- : MONGODB | Server description for rocklov-db:27017 changed from 'standalone' to 'standalone'.
D, [2020-12-28T12:22:25.777903 #15040] DEBUG -- : MONGODB | There was a change in the members of the 'Single' topology.
D, [2020-12-28T12:22:25.778567 #15040] DEBUG -- : MONGODB | rocklov-db:27017 req:27 conn:1:2 sconn:55 | admin.endSessions | STARTED | {"endSessions"=>[{"id"=><BSON::Binary:0x66108040 type=uuid data=0x4554498cce884721...>}], "$db"=>"admin"}
D, [2020-12-28T12:22:25.790076 #15040] DEBUG -- : MONGODB | rocklov-db:27017 req:27 | admin.endSessions | SUCCEEDED | 0.011s
D, [2020-12-28T12:22:25.805353 #15040] DEBUG -- : MONGODB | Server description for rocklov-db:27017 changed from 'standalone' to 'standalone'.
D, [2020-12-28T12:22:25.805668 #15040] DEBUG -- : MONGODB | There was a change in the members of the 'Single' topology.
D, [2020-12-28T12:22:25.806593 #15040] DEBUG -- : MONGODB | rocklov-db:27017 req:29 conn:1:2 sconn:56 | admin.endSessions | STARTED | {"endSessions"=>[{"id"=><BSON::Binary:0x64861500 type=uuid data=0x0a1089250f6a485a...>}], "$db"=>"admin"}
D, [2020-12-28T12:22:25.818317 #15040] DEBUG -- : MONGODB | rocklov-db:27017 req:29 | admin.endSessions | SUCCEEDED | 0.011s
D, [2020-12-28T17:17:05.759507 #19464] DEBUG -- : MONGODB | Topology type 'unknown' initializing.
D, [2020-12-28T17:17:05.761383 #19464] DEBUG -- : MONGODB | There was a change in the members of the 'Unknown' topology.
D, [2020-12-28T17:17:05.761899 #19464] DEBUG -- : MONGODB | Server rocklov-db:27017 initializing.
D, [2020-12-28T17:17:05.762642 #19464] DEBUG -- : MONGODB | Waiting for up to 30.00 seconds for servers to be scanned: #<Cluster topology=Unknown[rocklov-db:27017] servers=[#<Server address=rocklov-db:27017 UNKNOWN>]>
D, [2020-12-28T17:17:05.782420 #19464] DEBUG -- : MONGODB | Server description for rocklov-db:27017 changed from 'unknown' to 'standalone'.
D, [2020-12-28T17:17:05.783260 #19464] DEBUG -- : MONGODB | Topology type 'Unknown' changed to type 'Single'.
D, [2020-12-28T17:17:05.804444 #19464] DEBUG -- : MONGODB | Server description for rocklov-db:27017 changed from 'standalone' to 'standalone'.
D, [2020-12-28T17:17:05.804865 #19464] DEBUG -- : MONGODB | There was a change in the members of the 'Single' topology.
D, [2020-12-28T17:17:05.806177 #19464] DEBUG -- : MONGODB | rocklov-db:27017 req:7 conn:1:1 sconn:58 | rocklov.delete | STARTED | {"delete"=>"users", "ordered"=>true, "deletes"=>[{"q"=>{"email"=>"asilvadesa@gmail.com"}, "limit"=>0}], "$db"=>"rocklov", "lsid"=>{"id"=><BSON::Binary:0x64667560 type=uuid data=0xfd35f8402e004bea...>}}
D, [2020-12-28T17:17:05.818338 #19464] DEBUG -- : MONGODB | rocklov-db:27017 req:7 | rocklov.delete | SUCCEEDED | 0.012s
D, [2020-12-28T17:17:07.618194 #19464] DEBUG -- : MONGODB | Topology type 'unknown' initializing.
D, [2020-12-28T17:17:07.618968 #19464] DEBUG -- : MONGODB | There was a change in the members of the 'Unknown' topology.
D, [2020-12-28T17:17:07.619429 #19464] DEBUG -- : MONGODB | Server rocklov-db:27017 initializing.
D, [2020-12-28T17:17:07.619856 #19464] DEBUG -- : MONGODB | Waiting for up to 30.00 seconds for servers to be scanned: #<Cluster topology=Unknown[rocklov-db:27017] servers=[#<Server address=rocklov-db:27017 UNKNOWN>]>
D, [2020-12-28T17:17:07.634562 #19464] DEBUG -- : MONGODB | Server description for rocklov-db:27017 changed from 'unknown' to 'standalone'.
D, [2020-12-28T17:17:07.634983 #19464] DEBUG -- : MONGODB | Topology type 'Unknown' changed to type 'Single'.
D, [2020-12-28T17:17:07.649650 #19464] DEBUG -- : MONGODB | Server description for rocklov-db:27017 changed from 'standalone' to 'standalone'.
D, [2020-12-28T17:17:07.650164 #19464] DEBUG -- : MONGODB | There was a change in the members of the 'Single' topology.
D, [2020-12-28T17:17:07.651522 #19464] DEBUG -- : MONGODB | rocklov-db:27017 req:10 conn:1:1 sconn:61 | rocklov.delete | STARTED | {"delete"=>"users", "ordered"=>true, "deletes"=>[{"q"=>{"email"=>"asilvadesa@gmail.com"}, "limit"=>0}], "$db"=>"rocklov", "lsid"=>{"id"=><BSON::Binary:0x47622860 type=uuid data=0xe5736e4a88d44a14...>}}
D, [2020-12-28T17:17:07.663262 #19464] DEBUG -- : MONGODB | rocklov-db:27017 req:10 | rocklov.delete | SUCCEEDED | 0.011s
D, [2020-12-28T17:17:09.266701 #19464] DEBUG -- : MONGODB | Topology type 'unknown' initializing.
D, [2020-12-28T17:17:09.267563 #19464] DEBUG -- : MONGODB | There was a change in the members of the 'Unknown' topology.
D, [2020-12-28T17:17:09.267970 #19464] DEBUG -- : MONGODB | Server rocklov-db:27017 initializing.
D, [2020-12-28T17:17:09.268673 #19464] DEBUG -- : MONGODB | Waiting for up to 30.00 seconds for servers to be scanned: #<Cluster topology=Unknown[rocklov-db:27017] servers=[#<Server address=rocklov-db:27017 UNKNOWN>]>
D, [2020-12-28T17:17:09.283220 #19464] DEBUG -- : MONGODB | Server description for rocklov-db:27017 changed from 'unknown' to 'standalone'.
D, [2020-12-28T17:17:09.283661 #19464] DEBUG -- : MONGODB | Topology type 'Unknown' changed to type 'Single'.
D, [2020-12-28T17:17:09.298384 #19464] DEBUG -- : MONGODB | Server description for rocklov-db:27017 changed from 'standalone' to 'standalone'.
D, [2020-12-28T17:17:09.298991 #19464] DEBUG -- : MONGODB | There was a change in the members of the 'Single' topology.
D, [2020-12-28T17:17:09.300419 #19464] DEBUG -- : MONGODB | rocklov-db:27017 req:13 conn:1:1 sconn:63 | rocklov.delete | STARTED | {"delete"=>"users", "ordered"=>true, "deletes"=>[{"q"=>{"email"=>""}, "limit"=>0}], "$db"=>"rocklov", "lsid"=>{"id"=><BSON::Binary:0x67234680 type=uuid data=0xf35e0cec43db438c...>}}
D, [2020-12-28T17:17:09.313392 #19464] DEBUG -- : MONGODB | rocklov-db:27017 req:13 | rocklov.delete | SUCCEEDED | 0.012s
D, [2020-12-28T17:17:10.614157 #19464] DEBUG -- : MONGODB | Topology type 'unknown' initializing.
D, [2020-12-28T17:17:10.614899 #19464] DEBUG -- : MONGODB | There was a change in the members of the 'Unknown' topology.
D, [2020-12-28T17:17:10.616203 #19464] DEBUG -- : MONGODB | Server rocklov-db:27017 initializing.
D, [2020-12-28T17:17:10.617011 #19464] DEBUG -- : MONGODB | Waiting for up to 30.00 seconds for servers to be scanned: #<Cluster topology=Unknown[rocklov-db:27017] servers=[#<Server address=rocklov-db:27017 UNKNOWN>]>
D, [2020-12-28T17:17:10.636648 #19464] DEBUG -- : MONGODB | Server description for rocklov-db:27017 changed from 'unknown' to 'standalone'.
D, [2020-12-28T17:17:10.637284 #19464] DEBUG -- : MONGODB | Topology type 'Unknown' changed to type 'Single'.
D, [2020-12-28T17:17:10.654772 #19464] DEBUG -- : MONGODB | Server description for rocklov-db:27017 changed from 'standalone' to 'standalone'.
D, [2020-12-28T17:17:10.655274 #19464] DEBUG -- : MONGODB | There was a change in the members of the 'Single' topology.
D, [2020-12-28T17:17:10.656660 #19464] DEBUG -- : MONGODB | rocklov-db:27017 req:16 conn:1:1 sconn:65 | rocklov.delete | STARTED | {"delete"=>"users", "ordered"=>true, "deletes"=>[{"q"=>{"email"=>"asilvadesa*gmail.com"}, "limit"=>0}], "$db"=>"rocklov", "lsid"=>{"id"=><BSON::Binary:0x68635800 type=uuid data=0x2788e5ee42d64a83...>}}
D, [2020-12-28T17:17:10.668293 #19464] DEBUG -- : MONGODB | rocklov-db:27017 req:16 | rocklov.delete | SUCCEEDED | 0.011s
D, [2020-12-28T17:17:12.141225 #19464] DEBUG -- : MONGODB | Topology type 'unknown' initializing.
D, [2020-12-28T17:17:12.142040 #19464] DEBUG -- : MONGODB | There was a change in the members of the 'Unknown' topology.
D, [2020-12-28T17:17:12.142886 #19464] DEBUG -- : MONGODB | Server rocklov-db:27017 initializing.
D, [2020-12-28T17:17:12.143474 #19464] DEBUG -- : MONGODB | Waiting for up to 30.00 seconds for servers to be scanned: #<Cluster topology=Unknown[rocklov-db:27017] servers=[#<Server address=rocklov-db:27017 UNKNOWN>]>
D, [2020-12-28T17:17:12.159747 #19464] DEBUG -- : MONGODB | Server description for rocklov-db:27017 changed from 'unknown' to 'standalone'.
D, [2020-12-28T17:17:12.161763 #19464] DEBUG -- : MONGODB | Topology type 'Unknown' changed to type 'Single'.
D, [2020-12-28T17:17:12.182543 #19464] DEBUG -- : MONGODB | Server description for rocklov-db:27017 changed from 'standalone' to 'standalone'.
D, [2020-12-28T17:17:12.183134 #19464] DEBUG -- : MONGODB | There was a change in the members of the 'Single' topology.
D, [2020-12-28T17:17:12.185210 #19464] DEBUG -- : MONGODB | rocklov-db:27017 req:19 conn:1:1 sconn:67 | rocklov.delete | STARTED | {"delete"=>"users", "ordered"=>true, "deletes"=>[{"q"=>{"email"=>"asilvadesa@gmail.com"}, "limit"=>0}], "$db"=>"rocklov", "lsid"=>{"id"=><BSON::Binary:0x66943140 type=uuid data=0xd7540554921840a9...>}}
D, [2020-12-28T17:17:12.199242 #19464] DEBUG -- : MONGODB | rocklov-db:27017 req:19 | rocklov.delete | SUCCEEDED | 0.012s
D, [2020-12-28T17:17:13.500750 #19464] DEBUG -- : MONGODB | Server description for rocklov-db:27017 changed from 'standalone' to 'standalone'.
D, [2020-12-28T17:17:13.501736 #19464] DEBUG -- : MONGODB | There was a change in the members of the 'Single' topology.
D, [2020-12-28T17:17:13.503619 #19464] DEBUG -- : MONGODB | rocklov-db:27017 req:21 conn:1:2 sconn:68 | admin.endSessions | STARTED | {"endSessions"=>[{"id"=><BSON::Binary:0x66943140 type=uuid data=0xd7540554921840a9...>}], "$db"=>"admin"}
D, [2020-12-28T17:17:13.515084 #19464] DEBUG -- : MONGODB | rocklov-db:27017 req:21 | admin.endSessions | SUCCEEDED | 0.011s
D, [2020-12-28T17:17:13.531335 #19464] DEBUG -- : MONGODB | Server description for rocklov-db:27017 changed from 'standalone' to 'standalone'.
D, [2020-12-28T17:17:13.531738 #19464] DEBUG -- : MONGODB | There was a change in the members of the 'Single' topology.
D, [2020-12-28T17:17:13.532907 #19464] DEBUG -- : MONGODB | rocklov-db:27017 req:23 conn:1:2 sconn:69 | admin.endSessions | STARTED | {"endSessions"=>[{"id"=><BSON::Binary:0x68635800 type=uuid data=0x2788e5ee42d64a83...>}], "$db"=>"admin"}
D, [2020-12-28T17:17:13.544031 #19464] DEBUG -- : MONGODB | rocklov-db:27017 req:23 | admin.endSessions | SUCCEEDED | 0.011s
D, [2020-12-28T17:17:13.559257 #19464] DEBUG -- : MONGODB | Server description for rocklov-db:27017 changed from 'standalone' to 'standalone'.
D, [2020-12-28T17:17:13.559649 #19464] DEBUG -- : MONGODB | There was a change in the members of the 'Single' topology.
D, [2020-12-28T17:17:13.560525 #19464] DEBUG -- : MONGODB | rocklov-db:27017 req:25 conn:1:2 sconn:70 | admin.endSessions | STARTED | {"endSessions"=>[{"id"=><BSON::Binary:0x67234680 type=uuid data=0xf35e0cec43db438c...>}], "$db"=>"admin"}
D, [2020-12-28T17:17:13.572070 #19464] DEBUG -- : MONGODB | rocklov-db:27017 req:25 | admin.endSessions | SUCCEEDED | 0.011s
D, [2020-12-28T17:17:13.587355 #19464] DEBUG -- : MONGODB | Server description for rocklov-db:27017 changed from 'standalone' to 'standalone'.
D, [2020-12-28T17:17:13.587750 #19464] DEBUG -- : MONGODB | There was a change in the members of the 'Single' topology.
D, [2020-12-28T17:17:13.588635 #19464] DEBUG -- : MONGODB | rocklov-db:27017 req:27 conn:1:2 sconn:71 | admin.endSessions | STARTED | {"endSessions"=>[{"id"=><BSON::Binary:0x47622860 type=uuid data=0xe5736e4a88d44a14...>}], "$db"=>"admin"}
D, [2020-12-28T17:17:13.600266 #19464] DEBUG -- : MONGODB | rocklov-db:27017 req:27 | admin.endSessions | SUCCEEDED | 0.011s
D, [2020-12-28T17:17:13.617696 #19464] DEBUG -- : MONGODB | Server description for rocklov-db:27017 changed from 'standalone' to 'standalone'.
D, [2020-12-28T17:17:13.618770 #19464] DEBUG -- : MONGODB | There was a change in the members of the 'Single' topology.
D, [2020-12-28T17:17:13.621115 #19464] DEBUG -- : MONGODB | rocklov-db:27017 req:29 conn:1:2 sconn:72 | admin.endSessions | STARTED | {"endSessions"=>[{"id"=><BSON::Binary:0x64667560 type=uuid data=0xfd35f8402e004bea...>}], "$db"=>"admin"}
D, [2020-12-28T17:17:13.633535 #19464] DEBUG -- : MONGODB | rocklov-db:27017 req:29 | admin.endSessions | SUCCEEDED | 0.012s
D, [2020-12-28T17:17:58.878157 #9520] DEBUG -- : MONGODB | Topology type 'unknown' initializing.
D, [2020-12-28T17:17:58.878796 #9520] DEBUG -- : MONGODB | There was a change in the members of the 'Unknown' topology.
D, [2020-12-28T17:17:58.879182 #9520] DEBUG -- : MONGODB | Server rocklov-db:27017 initializing.
D, [2020-12-28T17:17:58.880115 #9520] DEBUG -- : MONGODB | Waiting for up to 30.00 seconds for servers to be scanned: #<Cluster topology=Unknown[rocklov-db:27017] servers=[#<Server address=rocklov-db:27017 UNKNOWN>]>
D, [2020-12-28T17:17:58.899668 #9520] DEBUG -- : MONGODB | Server description for rocklov-db:27017 changed from 'unknown' to 'standalone'.
D, [2020-12-28T17:17:58.900175 #9520] DEBUG -- : MONGODB | Topology type 'Unknown' changed to type 'Single'.
D, [2020-12-28T17:17:58.914888 #9520] DEBUG -- : MONGODB | Server description for rocklov-db:27017 changed from 'standalone' to 'standalone'.
D, [2020-12-28T17:17:58.915224 #9520] DEBUG -- : MONGODB | There was a change in the members of the 'Single' topology.
D, [2020-12-28T17:17:58.916192 #9520] DEBUG -- : MONGODB | rocklov-db:27017 req:7 conn:1:1 sconn:74 | rocklov.delete | STARTED | {"delete"=>"users", "ordered"=>true, "deletes"=>[{"q"=>{"email"=>"asilvadesa@gmail.com"}, "limit"=>0}], "$db"=>"rocklov", "lsid"=>{"id"=><BSON::Binary:0x49659080 type=uuid data=0x54fa8cd7a56c43dc...>}}
D, [2020-12-28T17:17:58.927866 #9520] DEBUG -- : MONGODB | rocklov-db:27017 req:7 | rocklov.delete | SUCCEEDED | 0.011s
D, [2020-12-28T17:18:00.483382 #9520] DEBUG -- : MONGODB | Topology type 'unknown' initializing.
D, [2020-12-28T17:18:00.484110 #9520] DEBUG -- : MONGODB | There was a change in the members of the 'Unknown' topology.
D, [2020-12-28T17:18:00.484537 #9520] DEBUG -- : MONGODB | Server rocklov-db:27017 initializing.
D, [2020-12-28T17:18:00.484950 #9520] DEBUG -- : MONGODB | Waiting for up to 30.00 seconds for servers to be scanned: #<Cluster topology=Unknown[rocklov-db:27017] servers=[#<Server address=rocklov-db:27017 UNKNOWN>]>
D, [2020-12-28T17:18:00.499695 #9520] DEBUG -- : MONGODB | Server description for rocklov-db:27017 changed from 'unknown' to 'standalone'.
D, [2020-12-28T17:18:00.500336 #9520] DEBUG -- : MONGODB | Topology type 'Unknown' changed to type 'Single'.
D, [2020-12-28T17:18:00.513483 #9520] DEBUG -- : MONGODB | Server description for rocklov-db:27017 changed from 'standalone' to 'standalone'.
D, [2020-12-28T17:18:00.515870 #9520] DEBUG -- : MONGODB | There was a change in the members of the 'Single' topology.
D, [2020-12-28T17:18:00.517840 #9520] DEBUG -- : MONGODB | rocklov-db:27017 req:10 conn:1:1 sconn:76 | rocklov.delete | STARTED | {"delete"=>"users", "ordered"=>true, "deletes"=>[{"q"=>{"email"=>"asilvadesa@gmail.com"}, "limit"=>0}], "$db"=>"rocklov", "lsid"=>{"id"=><BSON::Binary:0x65824200 type=uuid data=0xd5d72b03ba8b411a...>}}
D, [2020-12-28T17:18:00.523133 #9520] DEBUG -- : MONGODB | rocklov-db:27017 req:10 | rocklov.delete | SUCCEEDED | 0.005s
D, [2020-12-28T17:18:01.812960 #9520] DEBUG -- : MONGODB | Topology type 'unknown' initializing.
D, [2020-12-28T17:18:01.814891 #9520] DEBUG -- : MONGODB | There was a change in the members of the 'Unknown' topology.
D, [2020-12-28T17:18:01.815581 #9520] DEBUG -- : MONGODB | Server rocklov-db:27017 initializing.
D, [2020-12-28T17:18:01.816069 #9520] DEBUG -- : MONGODB | Waiting for up to 30.00 seconds for servers to be scanned: #<Cluster topology=Unknown[rocklov-db:27017] servers=[#<Server address=rocklov-db:27017 UNKNOWN>]>
D, [2020-12-28T17:18:01.829766 #9520] DEBUG -- : MONGODB | Server description for rocklov-db:27017 changed from 'unknown' to 'standalone'.
D, [2020-12-28T17:18:01.830405 #9520] DEBUG -- : MONGODB | Topology type 'Unknown' changed to type 'Single'.
D, [2020-12-28T17:18:01.845611 #9520] DEBUG -- : MONGODB | Server description for rocklov-db:27017 changed from 'standalone' to 'standalone'.
D, [2020-12-28T17:18:01.846886 #9520] DEBUG -- : MONGODB | There was a change in the members of the 'Single' topology.
D, [2020-12-28T17:18:01.848695 #9520] DEBUG -- : MONGODB | rocklov-db:27017 req:13 conn:1:1 sconn:78 | rocklov.delete | STARTED | {"delete"=>"users", "ordered"=>true, "deletes"=>[{"q"=>{"email"=>""}, "limit"=>0}], "$db"=>"rocklov", "lsid"=>{"id"=><BSON::Binary:0x67204960 type=uuid data=0x293a5652989f4412...>}}
D, [2020-12-28T17:18:01.862650 #9520] DEBUG -- : MONGODB | rocklov-db:27017 req:13 | rocklov.delete | SUCCEEDED | 0.013s
D, [2020-12-28T17:18:03.198027 #9520] DEBUG -- : MONGODB | Topology type 'unknown' initializing.
D, [2020-12-28T17:18:03.198844 #9520] DEBUG -- : MONGODB | There was a change in the members of the 'Unknown' topology.
D, [2020-12-28T17:18:03.199359 #9520] DEBUG -- : MONGODB | Server rocklov-db:27017 initializing.
D, [2020-12-28T17:18:03.200041 #9520] DEBUG -- : MONGODB | Waiting for up to 30.00 seconds for servers to be scanned: #<Cluster topology=Unknown[rocklov-db:27017] servers=[#<Server address=rocklov-db:27017 UNKNOWN>]>
D, [2020-12-28T17:18:03.219582 #9520] DEBUG -- : MONGODB | Server description for rocklov-db:27017 changed from 'unknown' to 'standalone'.
D, [2020-12-28T17:18:03.220200 #9520] DEBUG -- : MONGODB | Topology type 'Unknown' changed to type 'Single'.
D, [2020-12-28T17:18:03.237835 #9520] DEBUG -- : MONGODB | Server description for rocklov-db:27017 changed from 'standalone' to 'standalone'.
D, [2020-12-28T17:18:03.238343 #9520] DEBUG -- : MONGODB | There was a change in the members of the 'Single' topology.
D, [2020-12-28T17:18:03.239708 #9520] DEBUG -- : MONGODB | rocklov-db:27017 req:16 conn:1:1 sconn:80 | rocklov.delete | STARTED | {"delete"=>"users", "ordered"=>true, "deletes"=>[{"q"=>{"email"=>"asilvadesa*gmail.com"}, "limit"=>0}], "$db"=>"rocklov", "lsid"=>{"id"=><BSON::Binary:0x68824620 type=uuid data=0xfaa846eaaf0845fc...>}}
D, [2020-12-28T17:18:03.251696 #9520] DEBUG -- : MONGODB | rocklov-db:27017 req:16 | rocklov.delete | SUCCEEDED | 0.011s
D, [2020-12-28T17:18:04.667222 #9520] DEBUG -- : MONGODB | Topology type 'unknown' initializing.
D, [2020-12-28T17:18:04.667948 #9520] DEBUG -- : MONGODB | There was a change in the members of the 'Unknown' topology.
D, [2020-12-28T17:18:04.668372 #9520] DEBUG -- : MONGODB | Server rocklov-db:27017 initializing.
D, [2020-12-28T17:18:04.668847 #9520] DEBUG -- : MONGODB | Waiting for up to 30.00 seconds for servers to be scanned: #<Cluster topology=Unknown[rocklov-db:27017] servers=[#<Server address=rocklov-db:27017 UNKNOWN>]>
D, [2020-12-28T17:18:04.683506 #9520] DEBUG -- : MONGODB | Server description for rocklov-db:27017 changed from 'unknown' to 'standalone'.
D, [2020-12-28T17:18:04.684012 #9520] DEBUG -- : MONGODB | Topology type 'Unknown' changed to type 'Single'.
D, [2020-12-28T17:18:04.699722 #9520] DEBUG -- : MONGODB | Server description for rocklov-db:27017 changed from 'standalone' to 'standalone'.
D, [2020-12-28T17:18:04.700828 #9520] DEBUG -- : MONGODB | There was a change in the members of the 'Single' topology.
D, [2020-12-28T17:18:04.703027 #9520] DEBUG -- : MONGODB | rocklov-db:27017 req:19 conn:1:1 sconn:82 | rocklov.delete | STARTED | {"delete"=>"users", "ordered"=>true, "deletes"=>[{"q"=>{"email"=>"asilvadesa@gmail.com"}, "limit"=>0}], "$db"=>"rocklov", "lsid"=>{"id"=><BSON::Binary:0x66729700 type=uuid data=0xcdf9ad242cb345e2...>}}
D, [2020-12-28T17:18:04.715434 #9520] DEBUG -- : MONGODB | rocklov-db:27017 req:19 | rocklov.delete | SUCCEEDED | 0.012s
D, [2020-12-28T17:18:06.006517 #9520] DEBUG -- : MONGODB | Server description for rocklov-db:27017 changed from 'standalone' to 'standalone'.
D, [2020-12-28T17:18:06.006932 #9520] DEBUG -- : MONGODB | There was a change in the members of the 'Single' topology.
D, [2020-12-28T17:18:06.007607 #9520] DEBUG -- : MONGODB | rocklov-db:27017 req:21 conn:1:2 sconn:83 | admin.endSessions | STARTED | {"endSessions"=>[{"id"=><BSON::Binary:0x66729700 type=uuid data=0xcdf9ad242cb345e2...>}], "$db"=>"admin"}
D, [2020-12-28T17:18:06.019329 #9520] DEBUG -- : MONGODB | rocklov-db:27017 req:21 | admin.endSessions | SUCCEEDED | 0.011s
D, [2020-12-28T17:18:06.035606 #9520] DEBUG -- : MONGODB | Server description for rocklov-db:27017 changed from 'standalone' to 'standalone'.
D, [2020-12-28T17:18:06.036129 #9520] DEBUG -- : MONGODB | There was a change in the members of the 'Single' topology.
D, [2020-12-28T17:18:06.037298 #9520] DEBUG -- : MONGODB | rocklov-db:27017 req:23 conn:1:2 sconn:84 | admin.endSessions | STARTED | {"endSessions"=>[{"id"=><BSON::Binary:0x68824620 type=uuid data=0xfaa846eaaf0845fc...>}], "$db"=>"admin"}
D, [2020-12-28T17:18:06.049331 #9520] DEBUG -- : MONGODB | rocklov-db:27017 req:23 | admin.endSessions | SUCCEEDED | 0.012s
D, [2020-12-28T17:18:06.065605 #9520] DEBUG -- : MONGODB | Server description for rocklov-db:27017 changed from 'standalone' to 'standalone'.
D, [2020-12-28T17:18:06.066018 #9520] DEBUG -- : MONGODB | There was a change in the members of the 'Single' topology.
D, [2020-12-28T17:18:06.067071 #9520] DEBUG -- : MONGODB | rocklov-db:27017 req:25 conn:1:2 sconn:85 | admin.endSessions | STARTED | {"endSessions"=>[{"id"=><BSON::Binary:0x67204960 type=uuid data=0x293a5652989f4412...>}], "$db"=>"admin"}
D, [2020-12-28T17:18:06.078315 #9520] DEBUG -- : MONGODB | rocklov-db:27017 req:25 | admin.endSessions | SUCCEEDED | 0.011s
D, [2020-12-28T17:18:06.095355 #9520] DEBUG -- : MONGODB | Server description for rocklov-db:27017 changed from 'standalone' to 'standalone'.
D, [2020-12-28T17:18:06.095766 #9520] DEBUG -- : MONGODB | There was a change in the members of the 'Single' topology.
D, [2020-12-28T17:18:06.097356 #9520] DEBUG -- : MONGODB | rocklov-db:27017 req:27 conn:1:2 sconn:86 | admin.endSessions | STARTED | {"endSessions"=>[{"id"=><BSON::Binary:0x65824200 type=uuid data=0xd5d72b03ba8b411a...>}], "$db"=>"admin"}
D, [2020-12-28T17:18:06.109197 #9520] DEBUG -- : MONGODB | rocklov-db:27017 req:27 | admin.endSessions | SUCCEEDED | 0.011s
D, [2020-12-28T17:18:06.126551 #9520] DEBUG -- : MONGODB | Server description for rocklov-db:27017 changed from 'standalone' to 'standalone'.
D, [2020-12-28T17:18:06.127060 #9520] DEBUG -- : MONGODB | There was a change in the members of the 'Single' topology.
D, [2020-12-28T17:18:06.128039 #9520] DEBUG -- : MONGODB | rocklov-db:27017 req:29 conn:1:2 sconn:87 | admin.endSessions | STARTED | {"endSessions"=>[{"id"=><BSON::Binary:0x49659080 type=uuid data=0x54fa8cd7a56c43dc...>}], "$db"=>"admin"}
D, [2020-12-28T17:18:06.139675 #9520] DEBUG -- : MONGODB | rocklov-db:27017 req:29 | admin.endSessions | SUCCEEDED | 0.011s
D, [2020-12-28T17:23:34.436667 #22884] DEBUG -- : MONGODB | Topology type 'unknown' initializing.
D, [2020-12-28T17:23:34.437541 #22884] DEBUG -- : MONGODB | There was a change in the members of the 'Unknown' topology.
D, [2020-12-28T17:23:34.437975 #22884] DEBUG -- : MONGODB | Server rocklov-db:27017 initializing.
D, [2020-12-28T17:23:34.438470 #22884] DEBUG -- : MONGODB | Waiting for up to 30.00 seconds for servers to be scanned: #<Cluster topology=Unknown[rocklov-db:27017] servers=[#<Server address=rocklov-db:27017 UNKNOWN>]>
D, [2020-12-28T17:23:34.461681 #22884] DEBUG -- : MONGODB | Server description for rocklov-db:27017 changed from 'unknown' to 'standalone'.
D, [2020-12-28T17:23:34.462146 #22884] DEBUG -- : MONGODB | Topology type 'Unknown' changed to type 'Single'.
D, [2020-12-28T17:23:34.477470 #22884] DEBUG -- : MONGODB | Server description for rocklov-db:27017 changed from 'standalone' to 'standalone'.
D, [2020-12-28T17:23:34.477912 #22884] DEBUG -- : MONGODB | There was a change in the members of the 'Single' topology.
D, [2020-12-28T17:23:34.479381 #22884] DEBUG -- : MONGODB | rocklov-db:27017 req:7 conn:1:1 sconn:89 | rocklov.delete | STARTED | {"delete"=>"users", "ordered"=>true, "deletes"=>[{"q"=>{"email"=>"asilvadesa@gmail.com"}, "limit"=>0}], "$db"=>"rocklov", "lsid"=>{"id"=><BSON::Binary:0x64595740 type=uuid data=0xcf9129153664457f...>}}
D, [2020-12-28T17:23:34.491279 #22884] DEBUG -- : MONGODB | rocklov-db:27017 req:7 | rocklov.delete | SUCCEEDED | 0.011s
D, [2020-12-28T17:23:36.504907 #22884] DEBUG -- : MONGODB | Topology type 'unknown' initializing.
D, [2020-12-28T17:23:36.505417 #22884] DEBUG -- : MONGODB | There was a change in the members of the 'Unknown' topology.
D, [2020-12-28T17:23:36.505796 #22884] DEBUG -- : MONGODB | Server rocklov-db:27017 initializing.
D, [2020-12-28T17:23:36.506308 #22884] DEBUG -- : MONGODB | Waiting for up to 30.00 seconds for servers to be scanned: #<Cluster topology=Unknown[rocklov-db:27017] servers=[#<Server address=rocklov-db:27017 UNKNOWN>]>
D, [2020-12-28T17:23:36.520350 #22884] DEBUG -- : MONGODB | Server description for rocklov-db:27017 changed from 'unknown' to 'standalone'.
D, [2020-12-28T17:23:36.520751 #22884] DEBUG -- : MONGODB | Topology type 'Unknown' changed to type 'Single'.
D, [2020-12-28T17:23:36.535285 #22884] DEBUG -- : MONGODB | Server description for rocklov-db:27017 changed from 'standalone' to 'standalone'.
D, [2020-12-28T17:23:36.535628 #22884] DEBUG -- : MONGODB | There was a change in the members of the 'Single' topology.
D, [2020-12-28T17:23:36.536727 #22884] DEBUG -- : MONGODB | rocklov-db:27017 req:10 conn:1:1 sconn:91 | rocklov.delete | STARTED | {"delete"=>"users", "ordered"=>true, "deletes"=>[{"q"=>{"email"=>"asilvadesa@gmail.com"}, "limit"=>0}], "$db"=>"rocklov", "lsid"=>{"id"=><BSON::Binary:0x65660860 type=uuid data=0xd13bbd8017f340b2...>}}
D, [2020-12-28T17:23:36.549730 #22884] DEBUG -- : MONGODB | rocklov-db:27017 req:10 | rocklov.delete | SUCCEEDED | 0.012s
D, [2020-12-28T17:23:37.967309 #22884] DEBUG -- : MONGODB | Topology type 'unknown' initializing.
D, [2020-12-28T17:23:37.968041 #22884] DEBUG -- : MONGODB | There was a change in the members of the 'Unknown' topology.
D, [2020-12-28T17:23:37.968488 #22884] DEBUG -- : MONGODB | Server rocklov-db:27017 initializing.
D, [2020-12-28T17:23:37.968975 #22884] DEBUG -- : MONGODB | Waiting for up to 30.00 seconds for servers to be scanned: #<Cluster topology=Unknown[rocklov-db:27017] servers=[#<Server address=rocklov-db:27017 UNKNOWN>]>
D, [2020-12-28T17:23:37.982489 #22884] DEBUG -- : MONGODB | Server description for rocklov-db:27017 changed from 'unknown' to 'standalone'.
D, [2020-12-28T17:23:37.982917 #22884] DEBUG -- : MONGODB | Topology type 'Unknown' changed to type 'Single'.
D, [2020-12-28T17:23:37.998736 #22884] DEBUG -- : MONGODB | Server description for rocklov-db:27017 changed from 'standalone' to 'standalone'.
D, [2020-12-28T17:23:37.999423 #22884] DEBUG -- : MONGODB | There was a change in the members of the 'Single' topology.
D, [2020-12-28T17:23:38.000772 #22884] DEBUG -- : MONGODB | rocklov-db:27017 req:13 conn:1:1 sconn:93 | rocklov.delete | STARTED | {"delete"=>"users", "ordered"=>true, "deletes"=>[{"q"=>{"email"=>""}, "limit"=>0}], "$db"=>"rocklov", "lsid"=>{"id"=><BSON::Binary:0x43102080 type=uuid data=0xfa364498ed244e80...>}}
D, [2020-12-28T17:23:38.013514 #22884] DEBUG -- : MONGODB | rocklov-db:27017 req:13 | rocklov.delete | SUCCEEDED | 0.012s
D, [2020-12-28T17:23:39.559003 #22884] DEBUG -- : MONGODB | Topology type 'unknown' initializing.
D, [2020-12-28T17:23:39.559739 #22884] DEBUG -- : MONGODB | There was a change in the members of the 'Unknown' topology.
D, [2020-12-28T17:23:39.560144 #22884] DEBUG -- : MONGODB | Server rocklov-db:27017 initializing.
D, [2020-12-28T17:23:39.560558 #22884] DEBUG -- : MONGODB | Waiting for up to 30.00 seconds for servers to be scanned: #<Cluster topology=Unknown[rocklov-db:27017] servers=[#<Server address=rocklov-db:27017 UNKNOWN>]>
D, [2020-12-28T17:23:39.580432 #22884] DEBUG -- : MONGODB | Server description for rocklov-db:27017 changed from 'unknown' to 'standalone'.
D, [2020-12-28T17:23:39.581441 #22884] DEBUG -- : MONGODB | Topology type 'Unknown' changed to type 'Single'.
D, [2020-12-28T17:23:39.596777 #22884] DEBUG -- : MONGODB | Server description for rocklov-db:27017 changed from 'standalone' to 'standalone'.
D, [2020-12-28T17:23:39.597299 #22884] DEBUG -- : MONGODB | There was a change in the members of the 'Single' topology.
D, [2020-12-28T17:23:39.599070 #22884] DEBUG -- : MONGODB | rocklov-db:27017 req:16 conn:1:1 sconn:95 | rocklov.delete | STARTED | {"delete"=>"users", "ordered"=>true, "deletes"=>[{"q"=>{"email"=>"asilvadesa*gmail.com"}, "limit"=>0}], "$db"=>"rocklov", "lsid"=>{"id"=><BSON::Binary:0x68398260 type=uuid data=0x4fde30a71e2b47dd...>}}
D, [2020-12-28T17:23:39.611913 #22884] DEBUG -- : MONGODB | rocklov-db:27017 req:16 | rocklov.delete | SUCCEEDED | 0.012s
D, [2020-12-28T17:23:41.006217 #22884] DEBUG -- : MONGODB | Topology type 'unknown' initializing.
D, [2020-12-28T17:23:41.006898 #22884] DEBUG -- : MONGODB | There was a change in the members of the 'Unknown' topology.
D, [2020-12-28T17:23:41.007300 #22884] DEBUG -- : MONGODB | Server rocklov-db:27017 initializing.
D, [2020-12-28T17:23:41.007784 #22884] DEBUG -- : MONGODB | Waiting for up to 30.00 seconds for servers to be scanned: #<Cluster topology=Unknown[rocklov-db:27017] servers=[#<Server address=rocklov-db:27017 UNKNOWN>]>
D, [2020-12-28T17:23:41.023514 #22884] DEBUG -- : MONGODB | Server description for rocklov-db:27017 changed from 'unknown' to 'standalone'.
D, [2020-12-28T17:23:41.024129 #22884] DEBUG -- : MONGODB | Topology type 'Unknown' changed to type 'Single'.
D, [2020-12-28T17:23:41.042675 #22884] DEBUG -- : MONGODB | Server description for rocklov-db:27017 changed from 'standalone' to 'standalone'.
D, [2020-12-28T17:23:41.043186 #22884] DEBUG -- : MONGODB | There was a change in the members of the 'Single' topology.
D, [2020-12-28T17:23:41.044440 #22884] DEBUG -- : MONGODB | rocklov-db:27017 req:19 conn:1:1 sconn:97 | rocklov.delete | STARTED | {"delete"=>"users", "ordered"=>true, "deletes"=>[{"q"=>{"email"=>"asilvadesa@gmail.com"}, "limit"=>0}], "$db"=>"rocklov", "lsid"=>{"id"=><BSON::Binary:0x66786920 type=uuid data=0x05733668e1f044c8...>}}
D, [2020-12-28T17:23:41.057548 #22884] DEBUG -- : MONGODB | rocklov-db:27017 req:19 | rocklov.delete | SUCCEEDED | 0.012s
D, [2020-12-28T17:23:43.456289 #22884] DEBUG -- : MONGODB | Server description for rocklov-db:27017 changed from 'standalone' to 'standalone'.
D, [2020-12-28T17:23:43.456774 #22884] DEBUG -- : MONGODB | There was a change in the members of the 'Single' topology.
D, [2020-12-28T17:23:43.457716 #22884] DEBUG -- : MONGODB | rocklov-db:27017 req:21 conn:1:2 sconn:98 | admin.endSessions | STARTED | {"endSessions"=>[{"id"=><BSON::Binary:0x66786920 type=uuid data=0x05733668e1f044c8...>}], "$db"=>"admin"}
D, [2020-12-28T17:23:43.469073 #22884] DEBUG -- : MONGODB | rocklov-db:27017 req:21 | admin.endSessions | SUCCEEDED | 0.011s
D, [2020-12-28T17:23:43.485224 #22884] DEBUG -- : MONGODB | Server description for rocklov-db:27017 changed from 'standalone' to 'standalone'.
D, [2020-12-28T17:23:43.485542 #22884] DEBUG -- : MONGODB | There was a change in the members of the 'Single' topology.
D, [2020-12-28T17:23:43.486200 #22884] DEBUG -- : MONGODB | rocklov-db:27017 req:23 conn:1:2 sconn:99 | admin.endSessions | STARTED | {"endSessions"=>[{"id"=><BSON::Binary:0x68398260 type=uuid data=0x4fde30a71e2b47dd...>}], "$db"=>"admin"}
D, [2020-12-28T17:23:43.497075 #22884] DEBUG -- : MONGODB | rocklov-db:27017 req:23 | admin.endSessions | SUCCEEDED | 0.011s
D, [2020-12-28T17:23:43.513380 #22884] DEBUG -- : MONGODB | Server description for rocklov-db:27017 changed from 'standalone' to 'standalone'.
D, [2020-12-28T17:23:43.513939 #22884] DEBUG -- : MONGODB | There was a change in the members of the 'Single' topology.
D, [2020-12-28T17:23:43.515260 #22884] DEBUG -- : MONGODB | rocklov-db:27017 req:25 conn:1:2 sconn:100 | admin.endSessions | STARTED | {"endSessions"=>[{"id"=><BSON::Binary:0x43102080 type=uuid data=0xfa364498ed244e80...>}], "$db"=>"admin"}
D, [2020-12-28T17:23:43.527160 #22884] DEBUG -- : MONGODB | rocklov-db:27017 req:25 | admin.endSessions | SUCCEEDED | 0.012s
D, [2020-12-28T17:23:43.543222 #22884] DEBUG -- : MONGODB | Server description for rocklov-db:27017 changed from 'standalone' to 'standalone'.
D, [2020-12-28T17:23:43.543533 #22884] DEBUG -- : MONGODB | There was a change in the members of the 'Single' topology.
D, [2020-12-28T17:23:43.544157 #22884] DEBUG -- : MONGODB | rocklov-db:27017 req:27 conn:1:2 sconn:101 | admin.endSessions | STARTED | {"endSessions"=>[{"id"=><BSON::Binary:0x65660860 type=uuid data=0xd13bbd8017f340b2...>}], "$db"=>"admin"}
D, [2020-12-28T17:23:43.555059 #22884] DEBUG -- : MONGODB | rocklov-db:27017 req:27 | admin.endSessions | SUCCEEDED | 0.011s
D, [2020-12-28T17:23:43.570350 #22884] DEBUG -- : MONGODB | Server description for rocklov-db:27017 changed from 'standalone' to 'standalone'.
D, [2020-12-28T17:23:43.570739 #22884] DEBUG -- : MONGODB | There was a change in the members of the 'Single' topology.
D, [2020-12-28T17:23:43.571628 #22884] DEBUG -- : MONGODB | rocklov-db:27017 req:29 conn:1:2 sconn:102 | admin.endSessions | STARTED | {"endSessions"=>[{"id"=><BSON::Binary:0x64595740 type=uuid data=0xcf9129153664457f...>}], "$db"=>"admin"}
D, [2020-12-28T17:23:43.583052 #22884] DEBUG -- : MONGODB | rocklov-db:27017 req:29 | admin.endSessions | SUCCEEDED | 0.011s
D, [2020-12-31T12:19:51.111527 #12952] DEBUG -- : MONGODB | Topology type 'unknown' initializing.
D, [2020-12-31T12:19:51.113805 #12952] DEBUG -- : MONGODB | There was a change in the members of the 'Unknown' topology.
D, [2020-12-31T12:19:51.114308 #12952] DEBUG -- : MONGODB | Server rocklov-db:27017 initializing.
D, [2020-12-31T12:19:51.114871 #12952] DEBUG -- : MONGODB | Waiting for up to 30.00 seconds for servers to be scanned: #<Cluster topology=Unknown[rocklov-db:27017] servers=[#<Server address=rocklov-db:27017 UNKNOWN>]>
D, [2020-12-31T12:19:51.141804 #12952] DEBUG -- : MONGODB | Server description for rocklov-db:27017 changed from 'unknown' to 'standalone'.
D, [2020-12-31T12:19:51.142193 #12952] DEBUG -- : MONGODB | Topology type 'Unknown' changed to type 'Single'.
D, [2020-12-31T12:19:51.159917 #12952] DEBUG -- : MONGODB | Server description for rocklov-db:27017 changed from 'standalone' to 'standalone'.
D, [2020-12-31T12:19:51.160315 #12952] DEBUG -- : MONGODB | There was a change in the members of the 'Single' topology.
D, [2020-12-31T12:19:51.161648 #12952] DEBUG -- : MONGODB | rocklov-db:27017 req:7 conn:1:1 sconn:108 | rocklov.delete | STARTED | {"delete"=>"users", "ordered"=>true, "deletes"=>[{"q"=>{"email"=>"asilvadesa@gmail.com"}, "limit"=>0}], "$db"=>"rocklov", "lsid"=>{"id"=><BSON::Binary:0x64338620 type=uuid data=0xc9c87680c16d4a3f...>}}
D, [2020-12-31T12:19:51.173825 #12952] DEBUG -- : MONGODB | rocklov-db:27017 req:7 | rocklov.delete | SUCCEEDED | 0.012s
D, [2020-12-31T12:19:52.441301 #12952] DEBUG -- : MONGODB | Topology type 'unknown' initializing.
D, [2020-12-31T12:19:52.441740 #12952] DEBUG -- : MONGODB | There was a change in the members of the 'Unknown' topology.
D, [2020-12-31T12:19:52.442031 #12952] DEBUG -- : MONGODB | Server rocklov-db:27017 initializing.
D, [2020-12-31T12:19:52.442539 #12952] DEBUG -- : MONGODB | Waiting for up to 30.00 seconds for servers to be scanned: #<Cluster topology=Unknown[rocklov-db:27017] servers=[#<Server address=rocklov-db:27017 UNKNOWN>]>
D, [2020-12-31T12:19:52.456023 #12952] DEBUG -- : MONGODB | Server description for rocklov-db:27017 changed from 'unknown' to 'standalone'.
D, [2020-12-31T12:19:52.456513 #12952] DEBUG -- : MONGODB | Topology type 'Unknown' changed to type 'Single'.
D, [2020-12-31T12:19:52.469813 #12952] DEBUG -- : MONGODB | Server description for rocklov-db:27017 changed from 'standalone' to 'standalone'.
D, [2020-12-31T12:19:52.470082 #12952] DEBUG -- : MONGODB | There was a change in the members of the 'Single' topology.
D, [2020-12-31T12:19:52.471069 #12952] DEBUG -- : MONGODB | rocklov-db:27017 req:10 conn:1:1 sconn:110 | rocklov.delete | STARTED | {"delete"=>"users", "ordered"=>true, "deletes"=>[{"q"=>{"email"=>"asilvadesa@gmail.com"}, "limit"=>0}], "$db"=>"rocklov", "lsid"=>{"id"=><BSON::Binary:0x65673020 type=uuid data=0xe27275e7d3ef42d8...>}}
D, [2020-12-31T12:19:52.482819 #12952] DEBUG -- : MONGODB | rocklov-db:27017 req:10 | rocklov.delete | SUCCEEDED | 0.011s
D, [2020-12-31T12:19:53.541507 #12952] DEBUG -- : MONGODB | Topology type 'unknown' initializing.
D, [2020-12-31T12:19:53.542014 #12952] DEBUG -- : MONGODB | There was a change in the members of the 'Unknown' topology.
D, [2020-12-31T12:19:53.542365 #12952] DEBUG -- : MONGODB | Server rocklov-db:27017 initializing.
D, [2020-12-31T12:19:53.542804 #12952] DEBUG -- : MONGODB | Waiting for up to 30.00 seconds for servers to be scanned: #<Cluster topology=Unknown[rocklov-db:27017] servers=[#<Server address=rocklov-db:27017 UNKNOWN>]>
D, [2020-12-31T12:19:53.558092 #12952] DEBUG -- : MONGODB | Server description for rocklov-db:27017 changed from 'unknown' to 'standalone'.
D, [2020-12-31T12:19:53.558556 #12952] DEBUG -- : MONGODB | Topology type 'Unknown' changed to type 'Single'.
D, [2020-12-31T12:19:53.572238 #12952] DEBUG -- : MONGODB | Server description for rocklov-db:27017 changed from 'standalone' to 'standalone'.
D, [2020-12-31T12:19:53.572942 #12952] DEBUG -- : MONGODB | There was a change in the members of the 'Single' topology.
D, [2020-12-31T12:19:53.574420 #12952] DEBUG -- : MONGODB | rocklov-db:27017 req:13 conn:1:1 sconn:112 | rocklov.delete | STARTED | {"delete"=>"users", "ordered"=>true, "deletes"=>[{"q"=>{"email"=>""}, "limit"=>0}], "$db"=>"rocklov", "lsid"=>{"id"=><BSON::Binary:0x54651560 type=uuid data=0x0a4fd90e3fb44f1a...>}}
D, [2020-12-31T12:19:53.586954 #12952] DEBUG -- : MONGODB | rocklov-db:27017 req:13 | rocklov.delete | SUCCEEDED | 0.012s
D, [2020-12-31T12:19:54.608481 #12952] DEBUG -- : MONGODB | Topology type 'unknown' initializing.
D, [2020-12-31T12:19:54.609128 #12952] DEBUG -- : MONGODB | There was a change in the members of the 'Unknown' topology.
D, [2020-12-31T12:19:54.609886 #12952] DEBUG -- : MONGODB | Server rocklov-db:27017 initializing.
D, [2020-12-31T12:19:54.610326 #12952] DEBUG -- : MONGODB | Waiting for up to 30.00 seconds for servers to be scanned: #<Cluster topology=Unknown[rocklov-db:27017] servers=[#<Server address=rocklov-db:27017 UNKNOWN>]>
D, [2020-12-31T12:19:54.624386 #12952] DEBUG -- : MONGODB | Server description for rocklov-db:27017 changed from 'unknown' to 'standalone'.
D, [2020-12-31T12:19:54.626000 #12952] DEBUG -- : MONGODB | Topology type 'Unknown' changed to type 'Single'.
D, [2020-12-31T12:19:54.642052 #12952] DEBUG -- : MONGODB | Server description for rocklov-db:27017 changed from 'standalone' to 'standalone'.
D, [2020-12-31T12:19:54.642388 #12952] DEBUG -- : MONGODB | There was a change in the members of the 'Single' topology.
D, [2020-12-31T12:19:54.643323 #12952] DEBUG -- : MONGODB | rocklov-db:27017 req:16 conn:1:1 sconn:114 | rocklov.delete | STARTED | {"delete"=>"users", "ordered"=>true, "deletes"=>[{"q"=>{"email"=>"asilvadesa*gmail.com"}, "limit"=>0}], "$db"=>"rocklov", "lsid"=>{"id"=><BSON::Binary:0x54441260 type=uuid data=0xf60a35d7af834b89...>}}
D, [2020-12-31T12:19:54.655636 #12952] DEBUG -- : MONGODB | rocklov-db:27017 req:16 | rocklov.delete | SUCCEEDED | 0.012s
D, [2020-12-31T12:19:55.859468 #12952] DEBUG -- : MONGODB | Topology type 'unknown' initializing.
D, [2020-12-31T12:19:55.860138 #12952] DEBUG -- : MONGODB | There was a change in the members of the 'Unknown' topology.
D, [2020-12-31T12:19:55.860507 #12952] DEBUG -- : MONGODB | Server rocklov-db:27017 initializing.
D, [2020-12-31T12:19:55.860843 #12952] DEBUG -- : MONGODB | Waiting for up to 30.00 seconds for servers to be scanned: #<Cluster topology=Unknown[rocklov-db:27017] servers=[#<Server address=rocklov-db:27017 UNKNOWN>]>
D, [2020-12-31T12:19:55.877130 #12952] DEBUG -- : MONGODB | Server description for rocklov-db:27017 changed from 'unknown' to 'standalone'.
D, [2020-12-31T12:19:55.877600 #12952] DEBUG -- : MONGODB | Topology type 'Unknown' changed to type 'Single'.
D, [2020-12-31T12:19:55.892517 #12952] DEBUG -- : MONGODB | Server description for rocklov-db:27017 changed from 'standalone' to 'standalone'.
D, [2020-12-31T12:19:55.892939 #12952] DEBUG -- : MONGODB | There was a change in the members of the 'Single' topology.
D, [2020-12-31T12:19:55.893925 #12952] DEBUG -- : MONGODB | rocklov-db:27017 req:19 conn:1:1 sconn:116 | rocklov.delete | STARTED | {"delete"=>"users", "ordered"=>true, "deletes"=>[{"q"=>{"email"=>"asilvadesa@gmail.com"}, "limit"=>0}], "$db"=>"rocklov", "lsid"=>{"id"=><BSON::Binary:0x64850660 type=uuid data=0x4abcd1ea855442be...>}}
D, [2020-12-31T12:19:55.907114 #12952] DEBUG -- : MONGODB | rocklov-db:27017 req:19 | rocklov.delete | SUCCEEDED | 0.012s
D, [2020-12-31T12:20:01.159244 #12952] DEBUG -- : MONGODB | Server description for rocklov-db:27017 changed from 'standalone' to 'standalone'.
D, [2020-12-31T12:20:01.159582 #12952] DEBUG -- : MONGODB | There was a change in the members of the 'Single' topology.
D, [2020-12-31T12:20:02.470825 #12952] DEBUG -- : MONGODB | Server description for rocklov-db:27017 changed from 'standalone' to 'standalone'.
D, [2020-12-31T12:20:02.471312 #12952] DEBUG -- : MONGODB | There was a change in the members of the 'Single' topology.
D, [2020-12-31T12:20:03.182941 #12952] DEBUG -- : MONGODB | Server description for rocklov-db:27017 changed from 'standalone' to 'standalone'.
D, [2020-12-31T12:20:03.183213 #12952] DEBUG -- : MONGODB | There was a change in the members of the 'Single' topology.
D, [2020-12-31T12:20:03.184268 #12952] DEBUG -- : MONGODB | rocklov-db:27017 req:21 conn:1:2 sconn:117 | admin.endSessions | STARTED | {"endSessions"=>[{"id"=><BSON::Binary:0x64850660 type=uuid data=0x4abcd1ea855442be...>}], "$db"=>"admin"}
D, [2020-12-31T12:20:03.195819 #12952] DEBUG -- : MONGODB | rocklov-db:27017 req:21 | admin.endSessions | SUCCEEDED | 0.011s
D, [2020-12-31T12:20:03.210804 #12952] DEBUG -- : MONGODB | Server description for rocklov-db:27017 changed from 'standalone' to 'standalone'.
D, [2020-12-31T12:20:03.211060 #12952] DEBUG -- : MONGODB | There was a change in the members of the 'Single' topology.
D, [2020-12-31T12:20:03.211664 #12952] DEBUG -- : MONGODB | rocklov-db:27017 req:23 conn:1:2 sconn:118 | admin.endSessions | STARTED | {"endSessions"=>[{"id"=><BSON::Binary:0x54441260 type=uuid data=0xf60a35d7af834b89...>}], "$db"=>"admin"}
D, [2020-12-31T12:20:03.222767 #12952] DEBUG -- : MONGODB | rocklov-db:27017 req:23 | admin.endSessions | SUCCEEDED | 0.011s
D, [2020-12-31T12:20:03.237814 #12952] DEBUG -- : MONGODB | Server description for rocklov-db:27017 changed from 'standalone' to 'standalone'.
D, [2020-12-31T12:20:03.238087 #12952] DEBUG -- : MONGODB | There was a change in the members of the 'Single' topology.
D, [2020-12-31T12:20:03.238617 #12952] DEBUG -- : MONGODB | rocklov-db:27017 req:25 conn:1:2 sconn:119 | admin.endSessions | STARTED | {"endSessions"=>[{"id"=><BSON::Binary:0x54651560 type=uuid data=0x0a4fd90e3fb44f1a...>}], "$db"=>"admin"}
D, [2020-12-31T12:20:03.249772 #12952] DEBUG -- : MONGODB | rocklov-db:27017 req:25 | admin.endSessions | SUCCEEDED | 0.011s
D, [2020-12-31T12:20:03.264988 #12952] DEBUG -- : MONGODB | Server description for rocklov-db:27017 changed from 'standalone' to 'standalone'.
D, [2020-12-31T12:20:03.265272 #12952] DEBUG -- : MONGODB | There was a change in the members of the 'Single' topology.
D, [2020-12-31T12:20:03.265813 #12952] DEBUG -- : MONGODB | rocklov-db:27017 req:27 conn:1:2 sconn:120 | admin.endSessions | STARTED | {"endSessions"=>[{"id"=><BSON::Binary:0x65673020 type=uuid data=0xe27275e7d3ef42d8...>}], "$db"=>"admin"}
D, [2020-12-31T12:20:03.276877 #12952] DEBUG -- : MONGODB | rocklov-db:27017 req:27 | admin.endSessions | SUCCEEDED | 0.011s
D, [2020-12-31T12:20:03.291970 #12952] DEBUG -- : MONGODB | Server description for rocklov-db:27017 changed from 'standalone' to 'standalone'.
D, [2020-12-31T12:20:03.292216 #12952] DEBUG -- : MONGODB | There was a change in the members of the 'Single' topology.
D, [2020-12-31T12:20:03.292666 #12952] DEBUG -- : MONGODB | rocklov-db:27017 req:29 conn:1:2 sconn:121 | admin.endSessions | STARTED | {"endSessions"=>[{"id"=><BSON::Binary:0x64338620 type=uuid data=0xc9c87680c16d4a3f...>}], "$db"=>"admin"}
D, [2020-12-31T12:20:03.303677 #12952] DEBUG -- : MONGODB | rocklov-db:27017 req:29 | admin.endSessions | SUCCEEDED | 0.011s
D, [2021-01-02T22:42:33.364314 #15004] DEBUG -- : MONGODB | Topology type 'unknown' initializing.
D, [2021-01-02T22:42:33.368258 #15004] DEBUG -- : MONGODB | There was a change in the members of the 'Unknown' topology.
D, [2021-01-02T22:42:33.368813 #15004] DEBUG -- : MONGODB | Server rocklov-db:27017 initializing.
D, [2021-01-02T22:42:33.369262 #15004] DEBUG -- : MONGODB | Waiting for up to 30.00 seconds for servers to be scanned: #<Cluster topology=Unknown[rocklov-db:27017] servers=[#<Server address=rocklov-db:27017 UNKNOWN>]>
D, [2021-01-02T22:42:33.393720 #15004] DEBUG -- : MONGODB | Server description for rocklov-db:27017 changed from 'unknown' to 'standalone'.
D, [2021-01-02T22:42:33.394175 #15004] DEBUG -- : MONGODB | Topology type 'Unknown' changed to type 'Single'.
D, [2021-01-02T22:42:33.416347 #15004] DEBUG -- : MONGODB | Server description for rocklov-db:27017 changed from 'standalone' to 'standalone'.
D, [2021-01-02T22:42:33.417367 #15004] DEBUG -- : MONGODB | There was a change in the members of the 'Single' topology.
D, [2021-01-02T22:42:33.419036 #15004] DEBUG -- : MONGODB | rocklov-db:27017 req:7 conn:1:1 sconn:128 | rocklov.delete | STARTED | {"delete"=>"equipos", "ordered"=>true, "deletes"=>[{"q"=>{"name"=>"Fender Strato"}, "limit"=>0}], "$db"=>"rocklov", "lsid"=>{"id"=><BSON::Binary:0x57286760 type=uuid data=0x499b060aad1a4de8...>}}
D, [2021-01-02T22:42:33.431879 #15004] DEBUG -- : MONGODB | rocklov-db:27017 req:7 | rocklov.delete | SUCCEEDED | 0.012s
D, [2021-01-02T22:42:35.564042 #15004] DEBUG -- : MONGODB | Server description for rocklov-db:27017 changed from 'standalone' to 'standalone'.
D, [2021-01-02T22:42:35.564435 #15004] DEBUG -- : MONGODB | There was a change in the members of the 'Single' topology.
D, [2021-01-02T22:42:35.565757 #15004] DEBUG -- : MONGODB | rocklov-db:27017 req:9 conn:1:2 sconn:129 | admin.endSessions | STARTED | {"endSessions"=>[{"id"=><BSON::Binary:0x57286760 type=uuid data=0x499b060aad1a4de8...>}], "$db"=>"admin"}
D, [2021-01-02T22:42:35.576796 #15004] DEBUG -- : MONGODB | rocklov-db:27017 req:9 | admin.endSessions | SUCCEEDED | 0.011s
D, [2021-01-02T22:43:01.799329 #21656] DEBUG -- : MONGODB | Topology type 'unknown' initializing.
D, [2021-01-02T22:43:01.800000 #21656] DEBUG -- : MONGODB | There was a change in the members of the 'Unknown' topology.
D, [2021-01-02T22:43:01.800493 #21656] DEBUG -- : MONGODB | Server rocklov-db:27017 initializing.
D, [2021-01-02T22:43:01.801569 #21656] DEBUG -- : MONGODB | Waiting for up to 30.00 seconds for servers to be scanned: #<Cluster topology=Unknown[rocklov-db:27017] servers=[#<Server address=rocklov-db:27017 UNKNOWN>]>
D, [2021-01-02T22:43:01.818924 #21656] DEBUG -- : MONGODB | Server description for rocklov-db:27017 changed from 'unknown' to 'standalone'.
D, [2021-01-02T22:43:01.819263 #21656] DEBUG -- : MONGODB | Topology type 'Unknown' changed to type 'Single'.
D, [2021-01-02T22:43:01.833061 #21656] DEBUG -- : MONGODB | Server description for rocklov-db:27017 changed from 'standalone' to 'standalone'.
D, [2021-01-02T22:43:01.833424 #21656] DEBUG -- : MONGODB | There was a change in the members of the 'Single' topology.
D, [2021-01-02T22:43:01.834358 #21656] DEBUG -- : MONGODB | rocklov-db:27017 req:7 conn:1:1 sconn:131 | rocklov.delete | STARTED | {"delete"=>"equipos", "ordered"=>true, "deletes"=>[{"q"=>{"name"=>"Fender Strato"}, "limit"=>0}], "$db"=>"rocklov", "lsid"=>{"id"=><BSON::Binary:0x46214140 type=uuid data=0x3bdf07c12f6a489f...>}}
D, [2021-01-02T22:43:01.845535 #21656] DEBUG -- : MONGODB | rocklov-db:27017 req:7 | rocklov.delete | SUCCEEDED | 0.011s
D, [2021-01-02T22:43:03.143139 #21656] DEBUG -- : MONGODB | Server description for rocklov-db:27017 changed from 'standalone' to 'standalone'.
D, [2021-01-02T22:43:03.143491 #21656] DEBUG -- : MONGODB | There was a change in the members of the 'Single' topology.
D, [2021-01-02T22:43:03.144259 #21656] DEBUG -- : MONGODB | rocklov-db:27017 req:9 conn:1:2 sconn:132 | admin.endSessions | STARTED | {"endSessions"=>[{"id"=><BSON::Binary:0x46214140 type=uuid data=0x3bdf07c12f6a489f...>}], "$db"=>"admin"}
D, [2021-01-02T22:43:03.155864 #21656] DEBUG -- : MONGODB | rocklov-db:27017 req:9 | admin.endSessions | SUCCEEDED | 0.011s
D, [2021-01-02T22:59:58.925406 #30488] DEBUG -- : MONGODB | Topology type 'unknown' initializing.
D, [2021-01-02T22:59:58.926849 #30488] DEBUG -- : MONGODB | There was a change in the members of the 'Unknown' topology.
D, [2021-01-02T22:59:58.927358 #30488] DEBUG -- : MONGODB | Server rocklov-db:27017 initializing.
D, [2021-01-02T22:59:58.927834 #30488] DEBUG -- : MONGODB | Waiting for up to 30.00 seconds for servers to be scanned: #<Cluster topology=Unknown[rocklov-db:27017] servers=[#<Server address=rocklov-db:27017 UNKNOWN>]>
D, [2021-01-02T22:59:58.954096 #30488] DEBUG -- : MONGODB | Server description for rocklov-db:27017 changed from 'unknown' to 'standalone'.
D, [2021-01-02T22:59:58.954559 #30488] DEBUG -- : MONGODB | Topology type 'Unknown' changed to type 'Single'.
D, [2021-01-02T22:59:58.971268 #30488] DEBUG -- : MONGODB | Server description for rocklov-db:27017 changed from 'standalone' to 'standalone'.
D, [2021-01-02T22:59:58.971605 #30488] DEBUG -- : MONGODB | There was a change in the members of the 'Single' topology.
D, [2021-01-02T22:59:58.973007 #30488] DEBUG -- : MONGODB | rocklov-db:27017 req:7 conn:1:1 sconn:135 | rocklov.find | STARTED | {"find"=>"users", "filter"=>{"email"=>"asilvagit@gmail.com"}, "$db"=>"rocklov", "lsid"=>{"id"=><BSON::Binary:0x61972600 type=uuid data=0x2a72aa8c56ef4042...>}}
D, [2021-01-02T22:59:58.985036 #30488] DEBUG -- : MONGODB | rocklov-db:27017 req:7 | rocklov.find | SUCCEEDED | 0.012s
D, [2021-01-02T22:59:59.669747 #30488] DEBUG -- : MONGODB | Server description for rocklov-db:27017 changed from 'standalone' to 'standalone'.
D, [2021-01-02T22:59:59.670082 #30488] DEBUG -- : MONGODB | There was a change in the members of the 'Single' topology.
D, [2021-01-02T22:59:59.671181 #30488] DEBUG -- : MONGODB | rocklov-db:27017 req:9 conn:1:2 sconn:136 | admin.endSessions | STARTED | {"endSessions"=>[{"id"=><BSON::Binary:0x61972600 type=uuid data=0x2a72aa8c56ef4042...>}], "$db"=>"admin"}
D, [2021-01-02T22:59:59.682810 #30488] DEBUG -- : MONGODB | rocklov-db:27017 req:9 | admin.endSessions | SUCCEEDED | 0.011s
D, [2021-01-02T23:03:36.566040 #29660] DEBUG -- : MONGODB | Topology type 'unknown' initializing.
D, [2021-01-02T23:03:36.566728 #29660] DEBUG -- : MONGODB | There was a change in the members of the 'Unknown' topology.
D, [2021-01-02T23:03:36.567144 #29660] DEBUG -- : MONGODB | Server rocklov-db:27017 initializing.
D, [2021-01-02T23:03:36.567558 #29660] DEBUG -- : MONGODB | Waiting for up to 30.00 seconds for servers to be scanned: #<Cluster topology=Unknown[rocklov-db:27017] servers=[#<Server address=rocklov-db:27017 UNKNOWN>]>
D, [2021-01-02T23:03:36.585600 #29660] DEBUG -- : MONGODB | Server description for rocklov-db:27017 changed from 'unknown' to 'standalone'.
D, [2021-01-02T23:03:36.586043 #29660] DEBUG -- : MONGODB | Topology type 'Unknown' changed to type 'Single'.
D, [2021-01-02T23:03:36.602590 #29660] DEBUG -- : MONGODB | Server description for rocklov-db:27017 changed from 'standalone' to 'standalone'.
D, [2021-01-02T23:03:36.602856 #29660] DEBUG -- : MONGODB | There was a change in the members of the 'Single' topology.
D, [2021-01-02T23:03:36.603977 #29660] DEBUG -- : MONGODB | rocklov-db:27017 req:7 conn:1:1 sconn:138 | rocklov.find | STARTED | {"find"=>"users", "filter"=>{"email"=>"asilvagit@gmail.com"}, "$db"=>"rocklov", "lsid"=>{"id"=><BSON::Binary:0x61801580 type=uuid data=0x39622ef41fb44f3d...>}}
D, [2021-01-02T23:03:36.616431 #29660] DEBUG -- : MONGODB | rocklov-db:27017 req:7 | rocklov.find | SUCCEEDED | 0.011s
D, [2021-01-02T23:03:36.617112 #29660] DEBUG -- : MONGODB | Topology type 'unknown' initializing.
D, [2021-01-02T23:03:36.617455 #29660] DEBUG -- : MONGODB | There was a change in the members of the 'Unknown' topology.
D, [2021-01-02T23:03:36.617741 #29660] DEBUG -- : MONGODB | Server rocklov-db:27017 initializing.
D, [2021-01-02T23:03:36.618241 #29660] DEBUG -- : MONGODB | Waiting for up to 30.00 seconds for servers to be scanned: #<Cluster topology=Unknown[rocklov-db:27017] servers=[#<Server address=rocklov-db:27017 UNKNOWN>]>
D, [2021-01-02T23:03:36.631537 #29660] DEBUG -- : MONGODB | Server description for rocklov-db:27017 changed from 'unknown' to 'standalone'.
D, [2021-01-02T23:03:36.631835 #29660] DEBUG -- : MONGODB | Topology type 'Unknown' changed to type 'Single'.
D, [2021-01-02T23:03:36.644582 #29660] DEBUG -- : MONGODB | Server description for rocklov-db:27017 changed from 'standalone' to 'standalone'.
D, [2021-01-02T23:03:36.644830 #29660] DEBUG -- : MONGODB | There was a change in the members of the 'Single' topology.
D, [2021-01-02T23:03:36.645449 #29660] DEBUG -- : MONGODB | rocklov-db:27017 req:10 conn:1:1 sconn:140 | rocklov.delete | STARTED | {"delete"=>"equipos", "ordered"=>true, "deletes"=>[{"q"=>{"name"=>"Fender Strato", "user"=>BSON::ObjectId('5fede6e94462cc0027057ee2')}, "limit"=>0}], "$db"=>"rocklov", "lsid"=>{"id"=><BSON::Binary:0x61870040 type=uuid data=0xd39ff63214194f8b...>}}
D, [2021-01-02T23:03:36.656572 #29660] DEBUG -- : MONGODB | rocklov-db:27017 req:10 | rocklov.delete | SUCCEEDED | 0.011s
D, [2021-01-02T23:03:38.150433 #29660] DEBUG -- : MONGODB | Server description for rocklov-db:27017 changed from 'standalone' to 'standalone'.
D, [2021-01-02T23:03:38.150825 #29660] DEBUG -- : MONGODB | There was a change in the members of the 'Single' topology.
D, [2021-01-02T23:03:38.151518 #29660] DEBUG -- : MONGODB | rocklov-db:27017 req:12 conn:1:2 sconn:141 | admin.endSessions | STARTED | {"endSessions"=>[{"id"=><BSON::Binary:0x61870040 type=uuid data=0xd39ff63214194f8b...>}], "$db"=>"admin"}
D, [2021-01-02T23:03:38.163125 #29660] DEBUG -- : MONGODB | rocklov-db:27017 req:12 | admin.endSessions | SUCCEEDED | 0.011s
D, [2021-01-02T23:03:38.188221 #29660] DEBUG -- : MONGODB | Server description for rocklov-db:27017 changed from 'standalone' to 'standalone'.
D, [2021-01-02T23:03:38.188535 #29660] DEBUG -- : MONGODB | There was a change in the members of the 'Single' topology.
D, [2021-01-02T23:03:38.189170 #29660] DEBUG -- : MONGODB | rocklov-db:27017 req:14 conn:1:2 sconn:142 | admin.endSessions | STARTED | {"endSessions"=>[{"id"=><BSON::Binary:0x61801580 type=uuid data=0x39622ef41fb44f3d...>}], "$db"=>"admin"}
D, [2021-01-02T23:03:38.200140 #29660] DEBUG -- : MONGODB | rocklov-db:27017 req:14 | admin.endSessions | SUCCEEDED | 0.011s
